<?xml version="1.0" encoding="UTF-8"?>
<testsuite xmlns:xsi="http://www.w3.org/2001/XMLSchema-instance" xsi:noNamespaceSchemaLocation="https://maven.apache.org/surefire/maven-surefire-plugin/xsd/surefire-test-report.xsd" version="3.0.2" name="TestSuite" time="16.356" tests="76" errors="0" skipped="0" failures="0">
  <properties>
[...]
</properties>
  <testcase name="CreateToken" classname="test.HappyPath" time="2.946">
    <system-out><![CDATA[{
    "token": "99c19f2c269f752"
}
]]></system-out>
    <system-err><![CDATA[SLF4J: Failed to load class "org.slf4j.impl.StaticLoggerBinder".
SLF4J: Defaulting to no-operation (NOP) logger implementation
SLF4J: See http://www.slf4j.org/codes.html#StaticLoggerBinder for further details.
]]></system-err>
  </testcase>
  <testcase name="PostBooking" classname="test.HappyPath" time="1.21">
    <system-out><![CDATA[{
    "bookingid": 4322,
    "booking": {
        "firstname": "Hasan",
        "lastname": "Dursun",
        "totalprice": 0,
        "depositpaid": true,
        "bookingdates": {
            "checkin": "2020-01-01",
            "checkout": "2020-01-01"
        },
        "additionalneeds": "Dinner"
    }
}
]]></system-out>
  </testcase>
  <testcase name="GetBookingById" classname="test.HappyPath" time="0.763">
    <system-out><![CDATA[{
    "firstname": "Hasan",
    "lastname": "Dursun",
    "totalprice": 0,
    "depositpaid": true,
    "bookingdates": {
        "checkin": "2020-01-01",
        "checkout": "2020-01-01"
    },
    "additionalneeds": "Dinner"
}
]]></system-out>
  </testcase>
  <testcase name="GetBookingIds" classname="test.HappyPath" time="1.397">
    <system-out><![CDATA[[
    {
        "bookingid": 1680
    },
    {
        "bookingid": 2998
    },
    {
        "bookingid": 1594
    },
    {
        "bookingid": 2086
    },
    {
        "bookingid": 2551
    },
    {
        "bookingid": 1854
    },
    {
        "bookingid": 3034
    },
    {
        "bookingid": 3909
    },
    {
        "bookingid": 3842
    },
    {
        "bookingid": 3050
    },
    {
        "bookingid": 3986
    },
    {
        "bookingid": 528
    },
    {
        "bookingid": 1915
    },
    {
        "bookingid": 3931
    },
    {
        "bookingid": 4257
    },
    {
        "bookingid": 336
    },
    {
        "bookingid": 821
    },
    {
        "bookingid": 4120
    },
    {
        "bookingid": 1233
    },
    {
        "bookingid": 2321
    },
    {
        "bookingid": 3306
    },
    {
        "bookingid": 3007
    },
    {
        "bookingid": 1265
    },
    {
        "bookingid": 2898
    },
    {
        "bookingid": 3750
    },
    {
        "bookingid": 2750
    },
    {
        "bookingid": 3268
    },
    {
        "bookingid": 3062
    },
    {
        "bookingid": 1528
    },
    {
        "bookingid": 3711
    },
    {
        "bookingid": 478
    },
    {
        "bookingid": 3964
    },
    {
        "bookingid": 3786
    },
    {
        "bookingid": 2026
    },
    {
        "bookingid": 1460
    },
    {
        "bookingid": 837
    },
    {
        "bookingid": 753
    },
    {
        "bookingid": 1027
    },
    {
        "bookingid": 2059
    },
    {
        "bookingid": 310
    },
    {
        "bookingid": 1116
    },
    {
        "bookingid": 2880
    },
    {
        "bookingid": 139
    },
    {
        "bookingid": 4111
    },
    {
        "bookingid": 3423
    },
    {
        "bookingid": 957
    },
    {
        "bookingid": 895
    },
    {
        "bookingid": 2309
    },
    {
        "bookingid": 920
    },
    {
        "bookingid": 1186
    },
    {
        "bookingid": 1552
    },
    {
        "bookingid": 2707
    },
    {
        "bookingid": 2165
    },
    {
        "bookingid": 520
    },
    {
        "bookingid": 356
    },
    {
        "bookingid": 905
    },
    {
        "bookingid": 3793
    },
    {
        "bookingid": 3498
    },
    {
        "bookingid": 2813
    },
    {
        "bookingid": 1127
    },
    {
        "bookingid": 2381
    },
    {
        "bookingid": 3162
    },
    {
        "bookingid": 1286
    },
    {
        "bookingid": 2028
    },
    {
        "bookingid": 3723
    },
    {
        "bookingid": 224
    },
    {
        "bookingid": 3011
    },
    {
        "bookingid": 3758
    },
    {
        "bookingid": 1021
    },
    {
        "bookingid": 3965
    },
    {
        "bookingid": 3975
    },
    {
        "bookingid": 764
    },
    {
        "bookingid": 340
    },
    {
        "bookingid": 2772
    },
    {
        "bookingid": 1744
    },
    {
        "bookingid": 2306
    },
    {
        "bookingid": 1383
    },
    {
        "bookingid": 3951
    },
    {
        "bookingid": 3183
    },
    {
        "bookingid": 1985
    },
    {
        "bookingid": 3260
    },
    {
        "bookingid": 3660
    },
    {
        "bookingid": 2590
    },
    {
        "bookingid": 1104
    },
    {
        "bookingid": 1573
    },
    {
        "bookingid": 4118
    },
    {
        "bookingid": 1389
    },
    {
        "bookingid": 1052
    },
    {
        "bookingid": 359
    },
    {
        "bookingid": 2110
    },
    {
        "bookingid": 3686
    },
    {
        "bookingid": 202
    },
    {
        "bookingid": 4295
    },
    {
        "bookingid": 1901
    },
    {
        "bookingid": 1435
    },
    {
        "bookingid": 2598
    },
    {
        "bookingid": 66
    },
    {
        "bookingid": 4123
    },
    {
        "bookingid": 4147
    },
    {
        "bookingid": 2155
    },
    {
        "bookingid": 337
    },
    {
        "bookingid": 3073
    },
    {
        "bookingid": 942
    },
    {
        "bookingid": 3341
    },
    {
        "bookingid": 544
    },
    {
        "bookingid": 4325
    },
    {
        "bookingid": 1988
    },
    {
        "bookingid": 986
    },
    {
        "bookingid": 1800
    },
    {
        "bookingid": 1434
    },
    {
        "bookingid": 100
    },
    {
        "bookingid": 186
    },
    {
        "bookingid": 3746
    },
    {
        "bookingid": 1548
    },
    {
        "bookingid": 659
    },
    {
        "bookingid": 2755
    },
    {
        "bookingid": 2084
    },
    {
        "bookingid": 2485
    },
    {
        "bookingid": 2914
    },
    {
        "bookingid": 1894
    },
    {
        "bookingid": 3778
    },
    {
        "bookingid": 860
    },
    {
        "bookingid": 1231
    },
    {
        "bookingid": 4322
    },
    {
        "bookingid": 879
    },
    {
        "bookingid": 2187
    },
    {
        "bookingid": 1964
    },
    {
        "bookingid": 3088
    },
    {
        "bookingid": 3947
    },
    {
        "bookingid": 1605
    },
    {
        "bookingid": 1149
    },
    {
        "bookingid": 1457
    },
    {
        "bookingid": 3150
    },
    {
        "bookingid": 4226
    },
    {
        "bookingid": 1199
    },
    {
        "bookingid": 2611
    },
    {
        "bookingid": 3255
    },
    {
        "bookingid": 3715
    },
    {
        "bookingid": 1058
    },
    {
        "bookingid": 2833
    },
    {
        "bookingid": 1490
    },
    {
        "bookingid": 3887
    },
    {
        "bookingid": 4056
    },
    {
        "bookingid": 1538
    },
    {
        "bookingid": 2631
    },
    {
        "bookingid": 1726
    },
    {
        "bookingid": 268
    },
    {
        "bookingid": 3653
    },
    {
        "bookingid": 856
    },
    {
        "bookingid": 131
    },
    {
        "bookingid": 1110
    },
    {
        "bookingid": 3205
    },
    {
        "bookingid": 4041
    },
    {
        "bookingid": 3430
    },
    {
        "bookingid": 4145
    },
    {
        "bookingid": 530
    },
    {
        "bookingid": 477
    },
    {
        "bookingid": 1973
    },
    {
        "bookingid": 630
    },
    {
        "bookingid": 457
    },
    {
        "bookingid": 113
    },
    {
        "bookingid": 149
    },
    {
        "bookingid": 606
    },
    {
        "bookingid": 1690
    },
    {
        "bookingid": 1631
    },
    {
        "bookingid": 1696
    },
    {
        "bookingid": 3710
    },
    {
        "bookingid": 1062
    },
    {
        "bookingid": 3930
    },
    {
        "bookingid": 3482
    },
    {
        "bookingid": 1636
    },
    {
        "bookingid": 2867
    },
    {
        "bookingid": 3028
    },
    {
        "bookingid": 3237
    },
    {
        "bookingid": 956
    },
    {
        "bookingid": 1532
    },
    {
        "bookingid": 4074
    },
    {
        "bookingid": 3249
    },
    {
        "bookingid": 3489
    },
    {
        "bookingid": 3368
    },
    {
        "bookingid": 3901
    },
    {
        "bookingid": 1673
    },
    {
        "bookingid": 2334
    },
    {
        "bookingid": 70
    },
    {
        "bookingid": 1348
    },
    {
        "bookingid": 2979
    },
    {
        "bookingid": 3692
    },
    {
        "bookingid": 2312
    },
    {
        "bookingid": 3593
    },
    {
        "bookingid": 1088
    },
    {
        "bookingid": 3910
    },
    {
        "bookingid": 408
    },
    {
        "bookingid": 473
    },
    {
        "bookingid": 1477
    },
    {
        "bookingid": 1002
    },
    {
        "bookingid": 4267
    },
    {
        "bookingid": 1733
    },
    {
        "bookingid": 2787
    },
    {
        "bookingid": 2405
    },
    {
        "bookingid": 870
    },
    {
        "bookingid": 1983
    },
    {
        "bookingid": 2972
    },
    {
        "bookingid": 3403
    },
    {
        "bookingid": 2047
    },
    {
        "bookingid": 3186
    },
    {
        "bookingid": 382
    },
    {
        "bookingid": 3473
    },
    {
        "bookingid": 2501
    },
    {
        "bookingid": 3009
    },
    {
        "bookingid": 744
    },
    {
        "bookingid": 4221
    },
    {
        "bookingid": 1659
    },
    {
        "bookingid": 2191
    },
    {
        "bookingid": 3446
    },
    {
        "bookingid": 629
    },
    {
        "bookingid": 1001
    },
    {
        "bookingid": 2352
    },
    {
        "bookingid": 3938
    },
    {
        "bookingid": 3950
    },
    {
        "bookingid": 68
    },
    {
        "bookingid": 2592
    },
    {
        "bookingid": 2463
    },
    {
        "bookingid": 3425
    },
    {
        "bookingid": 2311
    },
    {
        "bookingid": 3728
    },
    {
        "bookingid": 1602
    },
    {
        "bookingid": 470
    },
    {
        "bookingid": 977
    },
    {
        "bookingid": 2007
    },
    {
        "bookingid": 1253
    },
    {
        "bookingid": 3225
    },
    {
        "bookingid": 3335
    },
    {
        "bookingid": 1290
    },
    {
        "bookingid": 3960
    },
    {
        "bookingid": 3342
    },
    {
        "bookingid": 4204
    },
    {
        "bookingid": 4327
    },
    {
        "bookingid": 3861
    },
    {
        "bookingid": 2968
    },
    {
        "bookingid": 500
    },
    {
        "bookingid": 4286
    },
    {
        "bookingid": 947
    },
    {
        "bookingid": 517
    },
    {
        "bookingid": 3528
    },
    {
        "bookingid": 1845
    },
    {
        "bookingid": 437
    },
    {
        "bookingid": 3914
    },
    {
        "bookingid": 1962
    },
    {
        "bookingid": 1458
    },
    {
        "bookingid": 649
    },
    {
        "bookingid": 2188
    },
    {
        "bookingid": 3845
    },
    {
        "bookingid": 1216
    },
    {
        "bookingid": 508
    },
    {
        "bookingid": 3204
    },
    {
        "bookingid": 2204
    },
    {
        "bookingid": 1136
    },
    {
        "bookingid": 3946
    },
    {
        "bookingid": 4184
    },
    {
        "bookingid": 2090
    },
    {
        "bookingid": 3502
    },
    {
        "bookingid": 53
    },
    {
        "bookingid": 2600
    },
    {
        "bookingid": 673
    },
    {
        "bookingid": 4223
    },
    {
        "bookingid": 263
    },
    {
        "bookingid": 3583
    },
    {
        "bookingid": 567
    },
    {
        "bookingid": 1448
    },
    {
        "bookingid": 2329
    },
    {
        "bookingid": 1993
    },
    {
        "bookingid": 2682
    },
    {
        "bookingid": 432
    },
    {
        "bookingid": 3338
    },
    {
        "bookingid": 1197
    },
    {
        "bookingid": 2048
    },
    {
        "bookingid": 1953
    },
    {
        "bookingid": 3575
    },
    {
        "bookingid": 2773
    },
    {
        "bookingid": 3143
    },
    {
        "bookingid": 2171
    },
    {
        "bookingid": 2444
    },
    {
        "bookingid": 476
    },
    {
        "bookingid": 1950
    },
    {
        "bookingid": 965
    },
    {
        "bookingid": 3312
    },
    {
        "bookingid": 3921
    },
    {
        "bookingid": 2752
    },
    {
        "bookingid": 185
    },
    {
        "bookingid": 2818
    },
    {
        "bookingid": 835
    },
    {
        "bookingid": 3554
    },
    {
        "bookingid": 2814
    },
    {
        "bookingid": 207
    },
    {
        "bookingid": 471
    },
    {
        "bookingid": 2794
    },
    {
        "bookingid": 4134
    },
    {
        "bookingid": 456
    },
    {
        "bookingid": 3111
    },
    {
        "bookingid": 2089
    },
    {
        "bookingid": 805
    },
    {
        "bookingid": 3504
    },
    {
        "bookingid": 3606
    },
    {
        "bookingid": 1410
    },
    {
        "bookingid": 67
    },
    {
        "bookingid": 3079
    },
    {
        "bookingid": 2667
    },
    {
        "bookingid": 2011
    },
    {
        "bookingid": 2483
    },
    {
        "bookingid": 782
    },
    {
        "bookingid": 1900
    },
    {
        "bookingid": 1464
    },
    {
        "bookingid": 1107
    },
    {
        "bookingid": 3623
    },
    {
        "bookingid": 3591
    },
    {
        "bookingid": 3656
    },
    {
        "bookingid": 2407
    },
    {
        "bookingid": 1034
    },
    {
        "bookingid": 1741
    },
    {
        "bookingid": 3366
    },
    {
        "bookingid": 1112
    },
    {
        "bookingid": 1173
    },
    {
        "bookingid": 3877
    },
    {
        "bookingid": 2978
    },
    {
        "bookingid": 3927
    },
    {
        "bookingid": 1875
    },
    {
        "bookingid": 1264
    },
    {
        "bookingid": 1250
    },
    {
        "bookingid": 3362
    },
    {
        "bookingid": 13
    },
    {
        "bookingid": 3372
    },
    {
        "bookingid": 3190
    },
    {
        "bookingid": 3831
    },
    {
        "bookingid": 3970
    },
    {
        "bookingid": 2069
    },
    {
        "bookingid": 1289
    },
    {
        "bookingid": 361
    },
    {
        "bookingid": 489
    },
    {
        "bookingid": 3557
    },
    {
        "bookingid": 2017
    },
    {
        "bookingid": 1924
    },
    {
        "bookingid": 440
    },
    {
        "bookingid": 941
    },
    {
        "bookingid": 3787
    },
    {
        "bookingid": 1415
    },
    {
        "bookingid": 2884
    },
    {
        "bookingid": 3330
    },
    {
        "bookingid": 472
    },
    {
        "bookingid": 1936
    },
    {
        "bookingid": 3616
    },
    {
        "bookingid": 3037
    },
    {
        "bookingid": 1769
    },
    {
        "bookingid": 1424
    },
    {
        "bookingid": 161
    },
    {
        "bookingid": 3052
    },
    {
        "bookingid": 3422
    },
    {
        "bookingid": 2249
    },
    {
        "bookingid": 2083
    },
    {
        "bookingid": 4070
    },
    {
        "bookingid": 3687
    },
    {
        "bookingid": 4121
    },
    {
        "bookingid": 4057
    },
    {
        "bookingid": 2847
    },
    {
        "bookingid": 1482
    },
    {
        "bookingid": 285
    },
    {
        "bookingid": 573
    },
    {
        "bookingid": 857
    },
    {
        "bookingid": 3125
    },
    {
        "bookingid": 396
    },
    {
        "bookingid": 3479
    },
    {
        "bookingid": 4300
    },
    {
        "bookingid": 3373
    },
    {
        "bookingid": 1371
    },
    {
        "bookingid": 2828
    },
    {
        "bookingid": 1113
    },
    {
        "bookingid": 4217
    },
    {
        "bookingid": 2835
    },
    {
        "bookingid": 4011
    },
    {
        "bookingid": 272
    },
    {
        "bookingid": 331
    },
    {
        "bookingid": 3327
    },
    {
        "bookingid": 3817
    },
    {
        "bookingid": 1813
    },
    {
        "bookingid": 3766
    },
    {
        "bookingid": 3090
    },
    {
        "bookingid": 3102
    },
    {
        "bookingid": 99
    },
    {
        "bookingid": 1028
    },
    {
        "bookingid": 2419
    },
    {
        "bookingid": 2275
    },
    {
        "bookingid": 1209
    },
    {
        "bookingid": 1581
    },
    {
        "bookingid": 5
    },
    {
        "bookingid": 3755
    },
    {
        "bookingid": 1742
    },
    {
        "bookingid": 42
    },
    {
        "bookingid": 1778
    },
    {
        "bookingid": 1384
    },
    {
        "bookingid": 2143
    },
    {
        "bookingid": 2913
    },
    {
        "bookingid": 3776
    },
    {
        "bookingid": 769
    },
    {
        "bookingid": 2128
    },
    {
        "bookingid": 193
    },
    {
        "bookingid": 834
    },
    {
        "bookingid": 3734
    },
    {
        "bookingid": 2450
    },
    {
        "bookingid": 1764
    },
    {
        "bookingid": 704
    },
    {
        "bookingid": 3763
    },
    {
        "bookingid": 1252
    },
    {
        "bookingid": 341
    },
    {
        "bookingid": 1794
    },
    {
        "bookingid": 2564
    },
    {
        "bookingid": 338
    },
    {
        "bookingid": 1287
    },
    {
        "bookingid": 3644
    },
    {
        "bookingid": 2453
    },
    {
        "bookingid": 869
    },
    {
        "bookingid": 2595
    },
    {
        "bookingid": 1145
    },
    {
        "bookingid": 976
    },
    {
        "bookingid": 2778
    },
    {
        "bookingid": 1166
    },
    {
        "bookingid": 317
    },
    {
        "bookingid": 183
    },
    {
        "bookingid": 3670
    },
    {
        "bookingid": 829
    },
    {
        "bookingid": 1215
    },
    {
        "bookingid": 83
    },
    {
        "bookingid": 2711
    },
    {
        "bookingid": 1282
    },
    {
        "bookingid": 2021
    },
    {
        "bookingid": 3609
    },
    {
        "bookingid": 3674
    },
    {
        "bookingid": 1476
    },
    {
        "bookingid": 2193
    },
    {
        "bookingid": 3083
    },
    {
        "bookingid": 360
    },
    {
        "bookingid": 2561
    },
    {
        "bookingid": 1663
    },
    {
        "bookingid": 295
    },
    {
        "bookingid": 414
    },
    {
        "bookingid": 35
    },
    {
        "bookingid": 3827
    },
    {
        "bookingid": 112
    },
    {
        "bookingid": 1691
    },
    {
        "bookingid": 3474
    },
    {
        "bookingid": 1681
    },
    {
        "bookingid": 2510
    },
    {
        "bookingid": 342
    },
    {
        "bookingid": 928
    },
    {
        "bookingid": 1122
    },
    {
        "bookingid": 929
    },
    {
        "bookingid": 1913
    },
    {
        "bookingid": 2228
    },
    {
        "bookingid": 1763
    },
    {
        "bookingid": 1684
    },
    {
        "bookingid": 406
    },
    {
        "bookingid": 2363
    },
    {
        "bookingid": 1857
    },
    {
        "bookingid": 964
    },
    {
        "bookingid": 2722
    },
    {
        "bookingid": 2253
    },
    {
        "bookingid": 1564
    },
    {
        "bookingid": 1783
    },
    {
        "bookingid": 2944
    },
    {
        "bookingid": 4302
    },
    {
        "bookingid": 3850
    },
    {
        "bookingid": 3597
    },
    {
        "bookingid": 2114
    },
    {
        "bookingid": 3859
    },
    {
        "bookingid": 3872
    },
    {
        "bookingid": 1324
    },
    {
        "bookingid": 2768
    },
    {
        "bookingid": 2032
    },
    {
        "bookingid": 2399
    },
    {
        "bookingid": 1619
    },
    {
        "bookingid": 846
    },
    {
        "bookingid": 2241
    },
    {
        "bookingid": 3105
    },
    {
        "bookingid": 163
    },
    {
        "bookingid": 329
    },
    {
        "bookingid": 52
    },
    {
        "bookingid": 90
    },
    {
        "bookingid": 3207
    },
    {
        "bookingid": 2097
    },
    {
        "bookingid": 3131
    },
    {
        "bookingid": 1481
    },
    {
        "bookingid": 1789
    },
    {
        "bookingid": 3816
    },
    {
        "bookingid": 2428
    },
    {
        "bookingid": 2359
    },
    {
        "bookingid": 2601
    },
    {
        "bookingid": 151
    },
    {
        "bookingid": 1633
    },
    {
        "bookingid": 3097
    },
    {
        "bookingid": 1647
    },
    {
        "bookingid": 3803
    },
    {
        "bookingid": 2530
    },
    {
        "bookingid": 1051
    },
    {
        "bookingid": 1856
    },
    {
        "bookingid": 132
    },
    {
        "bookingid": 2766
    },
    {
        "bookingid": 1194
    },
    {
        "bookingid": 3657
    },
    {
        "bookingid": 3456
    },
    {
        "bookingid": 97
    },
    {
        "bookingid": 3740
    },
    {
        "bookingid": 4012
    },
    {
        "bookingid": 136
    },
    {
        "bookingid": 1341
    },
    {
        "bookingid": 3886
    },
    {
        "bookingid": 2172
    },
    {
        "bookingid": 4119
    },
    {
        "bookingid": 3392
    },
    {
        "bookingid": 1306
    },
    {
        "bookingid": 3286
    },
    {
        "bookingid": 1139
    },
    {
        "bookingid": 2559
    },
    {
        "bookingid": 1303
    },
    {
        "bookingid": 1486
    },
    {
        "bookingid": 2704
    },
    {
        "bookingid": 171
    },
    {
        "bookingid": 3714
    },
    {
        "bookingid": 3379
    },
    {
        "bookingid": 936
    },
    {
        "bookingid": 3619
    },
    {
        "bookingid": 3129
    },
    {
        "bookingid": 4332
    },
    {
        "bookingid": 2443
    },
    {
        "bookingid": 3538
    },
    {
        "bookingid": 1337
    },
    {
        "bookingid": 3627
    },
    {
        "bookingid": 2033
    },
    {
        "bookingid": 1014
    },
    {
        "bookingid": 1146
    },
    {
        "bookingid": 3276
    },
    {
        "bookingid": 2988
    },
    {
        "bookingid": 687
    },
    {
        "bookingid": 4252
    },
    {
        "bookingid": 2147
    },
    {
        "bookingid": 2436
    },
    {
        "bookingid": 2646
    },
    {
        "bookingid": 1519
    },
    {
        "bookingid": 1614
    },
    {
        "bookingid": 1961
    },
    {
        "bookingid": 2933
    },
    {
        "bookingid": 2006
    },
    {
        "bookingid": 757
    },
    {
        "bookingid": 1222
    },
    {
        "bookingid": 77
    },
    {
        "bookingid": 2892
    },
    {
        "bookingid": 3841
    },
    {
        "bookingid": 3542
    },
    {
        "bookingid": 27
    },
    {
        "bookingid": 1140
    },
    {
        "bookingid": 3580
    },
    {
        "bookingid": 2684
    },
    {
        "bookingid": 4260
    },
    {
        "bookingid": 3698
    },
    {
        "bookingid": 1038
    },
    {
        "bookingid": 2899
    },
    {
        "bookingid": 2210
    },
    {
        "bookingid": 3232
    },
    {
        "bookingid": 1559
    },
    {
        "bookingid": 130
    },
    {
        "bookingid": 2791
    },
    {
        "bookingid": 4236
    },
    {
        "bookingid": 4336
    },
    {
        "bookingid": 3222
    },
    {
        "bookingid": 616
    },
    {
        "bookingid": 1841
    },
    {
        "bookingid": 3374
    },
    {
        "bookingid": 129
    },
    {
        "bookingid": 494
    },
    {
        "bookingid": 975
    },
    {
        "bookingid": 11
    },
    {
        "bookingid": 3458
    },
    {
        "bookingid": 419
    },
    {
        "bookingid": 2920
    },
    {
        "bookingid": 2269
    },
    {
        "bookingid": 2629
    },
    {
        "bookingid": 990
    },
    {
        "bookingid": 126
    },
    {
        "bookingid": 2461
    },
    {
        "bookingid": 641
    },
    {
        "bookingid": 1844
    },
    {
        "bookingid": 2896
    },
    {
        "bookingid": 3089
    },
    {
        "bookingid": 3976
    },
    {
        "bookingid": 1307
    },
    {
        "bookingid": 2104
    },
    {
        "bookingid": 2203
    },
    {
        "bookingid": 4241
    },
    {
        "bookingid": 1085
    },
    {
        "bookingid": 4277
    },
    {
        "bookingid": 2764
    },
    {
        "bookingid": 390
    },
    {
        "bookingid": 4058
    },
    {
        "bookingid": 3252
    },
    {
        "bookingid": 485
    },
    {
        "bookingid": 405
    },
    {
        "bookingid": 709
    },
    {
        "bookingid": 4268
    },
    {
        "bookingid": 2273
    },
    {
        "bookingid": 2349
    },
    {
        "bookingid": 410
    },
    {
        "bookingid": 2966
    },
    {
        "bookingid": 2197
    },
    {
        "bookingid": 3006
    },
    {
        "bookingid": 924
    },
    {
        "bookingid": 3375
    },
    {
        "bookingid": 883
    },
    {
        "bookingid": 2858
    },
    {
        "bookingid": 1032
    },
    {
        "bookingid": 1505
    },
    {
        "bookingid": 2139
    },
    {
        "bookingid": 4020
    },
    {
        "bookingid": 4100
    },
    {
        "bookingid": 84
    },
    {
        "bookingid": 3380
    },
    {
        "bookingid": 2687
    },
    {
        "bookingid": 898
    },
    {
        "bookingid": 2967
    },
    {
        "bookingid": 2676
    },
    {
        "bookingid": 436
    },
    {
        "bookingid": 2291
    },
    {
        "bookingid": 2103
    },
    {
        "bookingid": 250
    },
    {
        "bookingid": 2476
    },
    {
        "bookingid": 1626
    },
    {
        "bookingid": 3987
    },
    {
        "bookingid": 1837
    },
    {
        "bookingid": 3824
    },
    {
        "bookingid": 1046
    },
    {
        "bookingid": 4188
    },
    {
        "bookingid": 998
    },
    {
        "bookingid": 2517
    },
    {
        "bookingid": 3164
    },
    {
        "bookingid": 1553
    },
    {
        "bookingid": 1260
    },
    {
        "bookingid": 4255
    },
    {
        "bookingid": 2549
    },
    {
        "bookingid": 1632
    },
    {
        "bookingid": 2134
    },
    {
        "bookingid": 750
    },
    {
        "bookingid": 884
    },
    {
        "bookingid": 162
    },
    {
        "bookingid": 2053
    },
    {
        "bookingid": 1299
    },
    {
        "bookingid": 4158
    },
    {
        "bookingid": 3865
    },
    {
        "bookingid": 1246
    },
    {
        "bookingid": 1904
    },
    {
        "bookingid": 657
    },
    {
        "bookingid": 1082
    },
    {
        "bookingid": 2728
    },
    {
        "bookingid": 2663
    },
    {
        "bookingid": 1518
    },
    {
        "bookingid": 4129
    },
    {
        "bookingid": 3283
    },
    {
        "bookingid": 867
    },
    {
        "bookingid": 1310
    },
    {
        "bookingid": 4278
    },
    {
        "bookingid": 1679
    },
    {
        "bookingid": 1839
    },
    {
        "bookingid": 3613
    },
    {
        "bookingid": 1612
    },
    {
        "bookingid": 2326
    },
    {
        "bookingid": 1817
    },
    {
        "bookingid": 3118
    },
    {
        "bookingid": 3761
    },
    {
        "bookingid": 647
    },
    {
        "bookingid": 2471
    },
    {
        "bookingid": 1346
    },
    {
        "bookingid": 3315
    },
    {
        "bookingid": 4065
    },
    {
        "bookingid": 909
    },
    {
        "bookingid": 1022
    },
    {
        "bookingid": 4017
    },
    {
        "bookingid": 118
    },
    {
        "bookingid": 2411
    },
    {
        "bookingid": 3336
    },
    {
        "bookingid": 2102
    },
    {
        "bookingid": 2633
    },
    {
        "bookingid": 1947
    },
    {
        "bookingid": 788
    },
    {
        "bookingid": 1625
    },
    {
        "bookingid": 2558
    },
    {
        "bookingid": 3369
    },
    {
        "bookingid": 3782
    },
    {
        "bookingid": 4214
    },
    {
        "bookingid": 1094
    },
    {
        "bookingid": 4187
    },
    {
        "bookingid": 2576
    },
    {
        "bookingid": 3769
    },
    {
        "bookingid": 1167
    },
    {
        "bookingid": 1929
    },
    {
        "bookingid": 3794
    },
    {
        "bookingid": 2674
    },
    {
        "bookingid": 82
    },
    {
        "bookingid": 3244
    },
    {
        "bookingid": 265
    },
    {
        "bookingid": 2677
    },
    {
        "bookingid": 680
    },
    {
        "bookingid": 1030
    },
    {
        "bookingid": 2652
    },
    {
        "bookingid": 3344
    },
    {
        "bookingid": 2748
    },
    {
        "bookingid": 4082
    },
    {
        "bookingid": 261
    },
    {
        "bookingid": 3550
    },
    {
        "bookingid": 1238
    },
    {
        "bookingid": 1656
    },
    {
        "bookingid": 2426
    },
    {
        "bookingid": 3810
    },
    {
        "bookingid": 3744
    },
    {
        "bookingid": 3397
    },
    {
        "bookingid": 3147
    },
    {
        "bookingid": 723
    },
    {
        "bookingid": 3839
    },
    {
        "bookingid": 3299
    },
    {
        "bookingid": 3175
    },
    {
        "bookingid": 4086
    },
    {
        "bookingid": 1678
    },
    {
        "bookingid": 4176
    },
    {
        "bookingid": 4113
    },
    {
        "bookingid": 2780
    },
    {
        "bookingid": 3000
    },
    {
        "bookingid": 4174
    },
    {
        "bookingid": 2173
    },
    {
        "bookingid": 3107
    },
    {
        "bookingid": 1497
    },
    {
        "bookingid": 3892
    },
    {
        "bookingid": 3248
    },
    {
        "bookingid": 3584
    },
    {
        "bookingid": 1853
    },
    {
        "bookingid": 3829
    },
    {
        "bookingid": 1073
    },
    {
        "bookingid": 685
    },
    {
        "bookingid": 3809
    },
    {
        "bookingid": 3752
    },
    {
        "bookingid": 4054
    },
    {
        "bookingid": 4136
    },
    {
        "bookingid": 3524
    },
    {
        "bookingid": 3571
    },
    {
        "bookingid": 3503
    },
    {
        "bookingid": 918
    },
    {
        "bookingid": 2313
    },
    {
        "bookingid": 1251
    },
    {
        "bookingid": 983
    },
    {
        "bookingid": 1724
    },
    {
        "bookingid": 4227
    },
    {
        "bookingid": 101
    },
    {
        "bookingid": 791
    },
    {
        "bookingid": 2547
    },
    {
        "bookingid": 1340
    },
    {
        "bookingid": 4298
    },
    {
        "bookingid": 2445
    },
    {
        "bookingid": 903
    },
    {
        "bookingid": 2832
    },
    {
        "bookingid": 4200
    },
    {
        "bookingid": 1394
    },
    {
        "bookingid": 1204
    },
    {
        "bookingid": 1583
    },
    {
        "bookingid": 3384
    },
    {
        "bookingid": 1412
    },
    {
        "bookingid": 3209
    },
    {
        "bookingid": 1885
    },
    {
        "bookingid": 541
    },
    {
        "bookingid": 401
    },
    {
        "bookingid": 2797
    },
    {
        "bookingid": 863
    },
    {
        "bookingid": 3889
    },
    {
        "bookingid": 1411
    },
    {
        "bookingid": 38
    },
    {
        "bookingid": 368
    },
    {
        "bookingid": 3301
    },
    {
        "bookingid": 2746
    },
    {
        "bookingid": 741
    },
    {
        "bookingid": 2668
    },
    {
        "bookingid": 266
    },
    {
        "bookingid": 1202
    },
    {
        "bookingid": 1493
    },
    {
        "bookingid": 3439
    },
    {
        "bookingid": 349
    },
    {
        "bookingid": 2039
    },
    {
        "bookingid": 1585
    },
    {
        "bookingid": 2382
    },
    {
        "bookingid": 4126
    },
    {
        "bookingid": 1180
    },
    {
        "bookingid": 326
    },
    {
        "bookingid": 1437
    },
    {
        "bookingid": 435
    },
    {
        "bookingid": 3802
    },
    {
        "bookingid": 845
    },
    {
        "bookingid": 2954
    },
    {
        "bookingid": 1967
    },
    {
        "bookingid": 4042
    },
    {
        "bookingid": 2050
    },
    {
        "bookingid": 789
    },
    {
        "bookingid": 358
    },
    {
        "bookingid": 3036
    },
    {
        "bookingid": 3130
    },
    {
        "bookingid": 2156
    },
    {
        "bookingid": 3553
    },
    {
        "bookingid": 1398
    },
    {
        "bookingid": 4026
    },
    {
        "bookingid": 1277
    },
    {
        "bookingid": 4249
    },
    {
        "bookingid": 2660
    },
    {
        "bookingid": 1323
    },
    {
        "bookingid": 642
    },
    {
        "bookingid": 2496
    },
    {
        "bookingid": 220
    },
    {
        "bookingid": 3648
    },
    {
        "bookingid": 235
    },
    {
        "bookingid": 4233
    },
    {
        "bookingid": 3908
    },
    {
        "bookingid": 872
    },
    {
        "bookingid": 1522
    },
    {
        "bookingid": 3555
    },
    {
        "bookingid": 3203
    },
    {
        "bookingid": 637
    },
    {
        "bookingid": 367
    },
    {
        "bookingid": 1603
    },
    {
        "bookingid": 200
    },
    {
        "bookingid": 404
    },
    {
        "bookingid": 2432
    },
    {
        "bookingid": 3114
    },
    {
        "bookingid": 3534
    },
    {
        "bookingid": 801
    },
    {
        "bookingid": 3247
    },
    {
        "bookingid": 2467
    },
    {
        "bookingid": 3926
    },
    {
        "bookingid": 49
    },
    {
        "bookingid": 815
    },
    {
        "bookingid": 2724
    },
    {
        "bookingid": 2498
    },
    {
        "bookingid": 241
    },
    {
        "bookingid": 3514
    },
    {
        "bookingid": 2394
    },
    {
        "bookingid": 1600
    },
    {
        "bookingid": 1189
    },
    {
        "bookingid": 2758
    },
    {
        "bookingid": 1076
    },
    {
        "bookingid": 3564
    },
    {
        "bookingid": 814
    },
    {
        "bookingid": 1666
    },
    {
        "bookingid": 1358
    },
    {
        "bookingid": 225
    },
    {
        "bookingid": 2402
    },
    {
        "bookingid": 2494
    },
    {
        "bookingid": 4060
    },
    {
        "bookingid": 2364
    },
    {
        "bookingid": 1623
    },
    {
        "bookingid": 1644
    },
    {
        "bookingid": 2263
    },
    {
        "bookingid": 1428
    },
    {
        "bookingid": 746
    },
    {
        "bookingid": 2990
    },
    {
        "bookingid": 3216
    },
    {
        "bookingid": 515
    },
    {
        "bookingid": 2669
    },
    {
        "bookingid": 725
    },
    {
        "bookingid": 412
    },
    {
        "bookingid": 1888
    },
    {
        "bookingid": 3935
    },
    {
        "bookingid": 2486
    },
    {
        "bookingid": 1399
    },
    {
        "bookingid": 1739
    },
    {
        "bookingid": 773
    },
    {
        "bookingid": 2960
    },
    {
        "bookingid": 2985
    },
    {
        "bookingid": 3590
    },
    {
        "bookingid": 2664
    },
    {
        "bookingid": 1542
    },
    {
        "bookingid": 203
    },
    {
        "bookingid": 644
    },
    {
        "bookingid": 385
    },
    {
        "bookingid": 1338
    },
    {
        "bookingid": 653
    },
    {
        "bookingid": 2067
    },
    {
        "bookingid": 703
    },
    {
        "bookingid": 3018
    },
    {
        "bookingid": 3241
    },
    {
        "bookingid": 1037
    },
    {
        "bookingid": 4175
    },
    {
        "bookingid": 3408
    },
    {
        "bookingid": 2234
    },
    {
        "bookingid": 1453
    },
    {
        "bookingid": 355
    },
    {
        "bookingid": 1954
    },
    {
        "bookingid": 1555
    },
    {
        "bookingid": 2079
    },
    {
        "bookingid": 2108
    },
    {
        "bookingid": 3396
    },
    {
        "bookingid": 1024
    },
    {
        "bookingid": 153
    },
    {
        "bookingid": 2233
    },
    {
        "bookingid": 3911
    },
    {
        "bookingid": 6
    },
    {
        "bookingid": 3779
    },
    {
        "bookingid": 4289
    },
    {
        "bookingid": 2370
    },
    {
        "bookingid": 3955
    },
    {
        "bookingid": 3735
    },
    {
        "bookingid": 3208
    },
    {
        "bookingid": 1169
    },
    {
        "bookingid": 2541
    },
    {
        "bookingid": 1715
    },
    {
        "bookingid": 119
    },
    {
        "bookingid": 682
    },
    {
        "bookingid": 3124
    },
    {
        "bookingid": 1431
    },
    {
        "bookingid": 1607
    },
    {
        "bookingid": 2997
    },
    {
        "bookingid": 3113
    },
    {
        "bookingid": 1352
    },
    {
        "bookingid": 507
    },
    {
        "bookingid": 1807
    },
    {
        "bookingid": 2759
    },
    {
        "bookingid": 2873
    },
    {
        "bookingid": 3835
    },
    {
        "bookingid": 464
    },
    {
        "bookingid": 963
    },
    {
        "bookingid": 3934
    },
    {
        "bookingid": 944
    },
    {
        "bookingid": 1005
    },
    {
        "bookingid": 995
    },
    {
        "bookingid": 3094
    },
    {
        "bookingid": 989
    },
    {
        "bookingid": 1571
    },
    {
        "bookingid": 3937
    },
    {
        "bookingid": 2861
    },
    {
        "bookingid": 1331
    },
    {
        "bookingid": 3154
    },
    {
        "bookingid": 1685
    },
    {
        "bookingid": 4007
    },
    {
        "bookingid": 525
    },
    {
        "bookingid": 1463
    },
    {
        "bookingid": 2991
    },
    {
        "bookingid": 3137
    },
    {
        "bookingid": 4014
    },
    {
        "bookingid": 2464
    },
    {
        "bookingid": 2930
    },
    {
        "bookingid": 778
    },
    {
        "bookingid": 2472
    },
    {
        "bookingid": 2470
    },
    {
        "bookingid": 3010
    },
    {
        "bookingid": 1097
    },
    {
        "bookingid": 2129
    },
    {
        "bookingid": 3807
    },
    {
        "bookingid": 2836
    },
    {
        "bookingid": 3324
    },
    {
        "bookingid": 3978
    },
    {
        "bookingid": 2451
    },
    {
        "bookingid": 3322
    },
    {
        "bookingid": 4242
    },
    {
        "bookingid": 2070
    },
    {
        "bookingid": 3157
    },
    {
        "bookingid": 2257
    },
    {
        "bookingid": 1089
    },
    {
        "bookingid": 813
    },
    {
        "bookingid": 3020
    },
    {
        "bookingid": 2901
    },
    {
        "bookingid": 2528
    },
    {
        "bookingid": 1830
    },
    {
        "bookingid": 245
    },
    {
        "bookingid": 3261
    },
    {
        "bookingid": 663
    },
    {
        "bookingid": 3596
    },
    {
        "bookingid": 3659
    },
    {
        "bookingid": 3917
    },
    {
        "bookingid": 3013
    },
    {
        "bookingid": 2014
    },
    {
        "bookingid": 3576
    },
    {
        "bookingid": 3631
    },
    {
        "bookingid": 3259
    },
    {
        "bookingid": 2248
    },
    {
        "bookingid": 3957
    },
    {
        "bookingid": 1565
    },
    {
        "bookingid": 3691
    },
    {
        "bookingid": 2617
    },
    {
        "bookingid": 945
    },
    {
        "bookingid": 2093
    },
    {
        "bookingid": 2812
    },
    {
        "bookingid": 2481
    },
    {
        "bookingid": 1722
    },
    {
        "bookingid": 521
    },
    {
        "bookingid": 4218
    },
    {
        "bookingid": 933
    },
    {
        "bookingid": 463
    },
    {
        "bookingid": 4326
    },
    {
        "bookingid": 2357
    },
    {
        "bookingid": 2928
    },
    {
        "bookingid": 3295
    },
    {
        "bookingid": 3673
    },
    {
        "bookingid": 2890
    },
    {
        "bookingid": 3717
    },
    {
        "bookingid": 2962
    },
    {
        "bookingid": 2627
    },
    {
        "bookingid": 3749
    },
    {
        "bookingid": 1373
    },
    {
        "bookingid": 2815
    },
    {
        "bookingid": 1521
    },
    {
        "bookingid": 3461
    },
    {
        "bookingid": 1071
    },
    {
        "bookingid": 172
    },
    {
        "bookingid": 328
    },
    {
        "bookingid": 141
    },
    {
        "bookingid": 238
    },
    {
        "bookingid": 4287
    },
    {
        "bookingid": 3533
    },
    {
        "bookingid": 1676
    },
    {
        "bookingid": 1365
    },
    {
        "bookingid": 3442
    },
    {
        "bookingid": 3093
    },
    {
        "bookingid": 1729
    },
    {
        "bookingid": 2242
    },
    {
        "bookingid": 3862
    },
    {
        "bookingid": 2468
    },
    {
        "bookingid": 213
    },
    {
        "bookingid": 3270
    },
    {
        "bookingid": 3993
    },
    {
        "bookingid": 2925
    },
    {
        "bookingid": 4124
    },
    {
        "bookingid": 2282
    },
    {
        "bookingid": 3401
    },
    {
        "bookingid": 504
    },
    {
        "bookingid": 2317
    },
    {
        "bookingid": 3096
    },
    {
        "bookingid": 1203
    },
    {
        "bookingid": 1184
    },
    {
        "bookingid": 1525
    },
    {
        "bookingid": 2594
    },
    {
        "bookingid": 3563
    },
    {
        "bookingid": 1892
    },
    {
        "bookingid": 2101
    },
    {
        "bookingid": 2107
    },
    {
        "bookingid": 873
    },
    {
        "bookingid": 797
    },
    {
        "bookingid": 2802
    },
    {
        "bookingid": 3589
    },
    {
        "bookingid": 2573
    },
    {
        "bookingid": 1637
    },
    {
        "bookingid": 3055
    },
    {
        "bookingid": 2927
    },
    {
        "bookingid": 3600
    },
    {
        "bookingid": 597
    },
    {
        "bookingid": 1504
    },
    {
        "bookingid": 3693
    },
    {
        "bookingid": 850
    },
    {
        "bookingid": 2116
    },
    {
        "bookingid": 3176
    },
    {
        "bookingid": 3867
    },
    {
        "bookingid": 790
    },
    {
        "bookingid": 1890
    },
    {
        "bookingid": 536
    },
    {
        "bookingid": 3772
    },
    {
        "bookingid": 3922
    },
    {
        "bookingid": 3316
    },
    {
        "bookingid": 114
    },
    {
        "bookingid": 3469
    },
    {
        "bookingid": 3513
    },
    {
        "bookingid": 284
    },
    {
        "bookingid": 3558
    },
    {
        "bookingid": 1768
    },
    {
        "bookingid": 3871
    },
    {
        "bookingid": 301
    },
    {
        "bookingid": 4157
    },
    {
        "bookingid": 1848
    },
    {
        "bookingid": 3303
    },
    {
        "bookingid": 3040
    },
    {
        "bookingid": 247
    },
    {
        "bookingid": 2538
    },
    {
        "bookingid": 4097
    },
    {
        "bookingid": 3651
    },
    {
        "bookingid": 3520
    },
    {
        "bookingid": 2023
    },
    {
        "bookingid": 3399
    },
    {
        "bookingid": 3540
    },
    {
        "bookingid": 2514
    },
    {
        "bookingid": 3753
    },
    {
        "bookingid": 4180
    },
    {
        "bookingid": 413
    },
    {
        "bookingid": 2563
    },
    {
        "bookingid": 2332
    },
    {
        "bookingid": 1833
    },
    {
        "bookingid": 2252
    },
    {
        "bookingid": 3072
    },
    {
        "bookingid": 1317
    },
    {
        "bookingid": 376
    },
    {
        "bookingid": 2341
    },
    {
        "bookingid": 1154
    },
    {
        "bookingid": 913
    },
    {
        "bookingid": 184
    },
    {
        "bookingid": 2951
    },
    {
        "bookingid": 1752
    },
    {
        "bookingid": 4248
    },
    {
        "bookingid": 656
    },
    {
        "bookingid": 434
    },
    {
        "bookingid": 14
    },
    {
        "bookingid": 820
    },
    {
        "bookingid": 997
    },
    {
        "bookingid": 179
    },
    {
        "bookingid": 3117
    },
    {
        "bookingid": 2518
    },
    {
        "bookingid": 1908
    },
    {
        "bookingid": 662
    },
    {
        "bookingid": 2644
    },
    {
        "bookingid": 3747
    },
    {
        "bookingid": 4162
    },
    {
        "bookingid": 2907
    },
    {
        "bookingid": 743
    },
    {
        "bookingid": 330
    },
    {
        "bookingid": 1270
    },
    {
        "bookingid": 3058
    },
    {
        "bookingid": 1942
    },
    {
        "bookingid": 397
    },
    {
        "bookingid": 2019
    },
    {
        "bookingid": 1403
    },
    {
        "bookingid": 3664
    },
    {
        "bookingid": 2857
    },
    {
        "bookingid": 2702
    },
    {
        "bookingid": 1878
    },
    {
        "bookingid": 3669
    },
    {
        "bookingid": 1747
    },
    {
        "bookingid": 3866
    },
    {
        "bookingid": 1405
    },
    {
        "bookingid": 866
    },
    {
        "bookingid": 3084
    },
    {
        "bookingid": 3825
    },
    {
        "bookingid": 3187
    },
    {
        "bookingid": 1806
    },
    {
        "bookingid": 3645
    },
    {
        "bookingid": 383
    },
    {
        "bookingid": 3731
    },
    {
        "bookingid": 3280
    },
    {
        "bookingid": 1523
    },
    {
        "bookingid": 4206
    },
    {
        "bookingid": 2645
    },
    {
        "bookingid": 679
    },
    {
        "bookingid": 3942
    },
    {
        "bookingid": 3485
    },
    {
        "bookingid": 3138
    },
    {
        "bookingid": 462
    },
    {
        "bookingid": 1020
    },
    {
        "bookingid": 1923
    },
    {
        "bookingid": 47
    },
    {
        "bookingid": 1758
    },
    {
        "bookingid": 2666
    },
    {
        "bookingid": 195
    },
    {
        "bookingid": 1427
    },
    {
        "bookingid": 4139
    },
    {
        "bookingid": 3949
    },
    {
        "bookingid": 1617
    },
    {
        "bookingid": 1185
    },
    {
        "bookingid": 1976
    },
    {
        "bookingid": 761
    },
    {
        "bookingid": 948
    },
    {
        "bookingid": 576
    },
    {
        "bookingid": 1118
    },
    {
        "bookingid": 3792
    },
    {
        "bookingid": 2111
    },
    {
        "bookingid": 3611
    },
    {
        "bookingid": 3123
    },
    {
        "bookingid": 854
    },
    {
        "bookingid": 3944
    },
    {
        "bookingid": 1128
    },
    {
        "bookingid": 2258
    },
    {
        "bookingid": 1176
    },
    {
        "bookingid": 2497
    },
    {
        "bookingid": 416
    },
    {
        "bookingid": 2340
    },
    {
        "bookingid": 3626
    },
    {
        "bookingid": 2771
    },
    {
        "bookingid": 1380
    },
    {
        "bookingid": 2218
    },
    {
        "bookingid": 394
    },
    {
        "bookingid": 596
    },
    {
        "bookingid": 173
    },
    {
        "bookingid": 79
    },
    {
        "bookingid": 389
    },
    {
        "bookingid": 3418
    },
    {
        "bookingid": 1445
    },
    {
        "bookingid": 1530
    },
    {
        "bookingid": 71
    },
    {
        "bookingid": 1952
    },
    {
        "bookingid": 1072
    },
    {
        "bookingid": 4280
    },
    {
        "bookingid": 3394
    },
    {
        "bookingid": 4
    },
    {
        "bookingid": 2521
    },
    {
        "bookingid": 1790
    },
    {
        "bookingid": 3961
    },
    {
        "bookingid": 683
    },
    {
        "bookingid": 2230
    },
    {
        "bookingid": 1842
    },
    {
        "bookingid": 2025
    },
    {
        "bookingid": 12
    },
    {
        "bookingid": 3061
    },
    {
        "bookingid": 2388
    },
    {
        "bookingid": 2121
    },
    {
        "bookingid": 2150
    },
    {
        "bookingid": 1349
    },
    {
        "bookingid": 3121
    },
    {
        "bookingid": 1512
    },
    {
        "bookingid": 2323
    },
    {
        "bookingid": 1697
    },
    {
        "bookingid": 352
    },
    {
        "bookingid": 3274
    },
    {
        "bookingid": 3798
    },
    {
        "bookingid": 2523
    },
    {
        "bookingid": 3056
    },
    {
        "bookingid": 690
    },
    {
        "bookingid": 4290
    },
    {
        "bookingid": 1179
    },
    {
        "bookingid": 1262
    },
    {
        "bookingid": 783
    },
    {
        "bookingid": 3386
    },
    {
        "bookingid": 1370
    },
    {
        "bookingid": 4155
    },
    {
        "bookingid": 2502
    },
    {
        "bookingid": 1132
    },
    {
        "bookingid": 2987
    },
    {
        "bookingid": 3741
    },
    {
        "bookingid": 2696
    },
    {
        "bookingid": 581
    },
    {
        "bookingid": 1417
    },
    {
        "bookingid": 4198
    },
    {
        "bookingid": 3360
    },
    {
        "bookingid": 755
    },
    {
        "bookingid": 28
    },
    {
        "bookingid": 3348
    },
    {
        "bookingid": 4040
    },
    {
        "bookingid": 40
    },
    {
        "bookingid": 2643
    },
    {
        "bookingid": 2118
    },
    {
        "bookingid": 2946
    },
    {
        "bookingid": 4210
    },
    {
        "bookingid": 1450
    },
    {
        "bookingid": 705
    },
    {
        "bookingid": 1818
    },
    {
        "bookingid": 1447
    },
    {
        "bookingid": 4130
    },
    {
        "bookingid": 458
    },
    {
        "bookingid": 1991
    },
    {
        "bookingid": 426
    },
    {
        "bookingid": 2796
    },
    {
        "bookingid": 319
    },
    {
        "bookingid": 1357
    },
    {
        "bookingid": 3226
    },
    {
        "bookingid": 1984
    },
    {
        "bookingid": 4170
    },
    {
        "bookingid": 889
    },
    {
        "bookingid": 1822
    },
    {
        "bookingid": 2871
    },
    {
        "bookingid": 4276
    },
    {
        "bookingid": 2297
    },
    {
        "bookingid": 3622
    },
    {
        "bookingid": 1545
    },
    {
        "bookingid": 1531
    },
    {
        "bookingid": 3350
    },
    {
        "bookingid": 3091
    },
    {
        "bookingid": 1487
    },
    {
        "bookingid": 3890
    },
    {
        "bookingid": 855
    },
    {
        "bookingid": 20
    },
    {
        "bookingid": 3284
    },
    {
        "bookingid": 2020
    },
    {
        "bookingid": 3813
    },
    {
        "bookingid": 4205
    },
    {
        "bookingid": 4305
    },
    {
        "bookingid": 1704
    },
    {
        "bookingid": 22
    },
    {
        "bookingid": 3981
    },
    {
        "bookingid": 1175
    },
    {
        "bookingid": 4153
    },
    {
        "bookingid": 1895
    },
    {
        "bookingid": 2186
    },
    {
        "bookingid": 3996
    },
    {
        "bookingid": 1836
    },
    {
        "bookingid": 587
    },
    {
        "bookingid": 3856
    },
    {
        "bookingid": 1618
    },
    {
        "bookingid": 270
    },
    {
        "bookingid": 4150
    },
    {
        "bookingid": 1090
    },
    {
        "bookingid": 2757
    },
    {
        "bookingid": 1941
    },
    {
        "bookingid": 2281
    },
    {
        "bookingid": 1824
    },
    {
        "bookingid": 3381
    },
    {
        "bookingid": 2336
    },
    {
        "bookingid": 2062
    },
    {
        "bookingid": 3510
    },
    {
        "bookingid": 1467
    },
    {
        "bookingid": 777
    },
    {
        "bookingid": 2543
    },
    {
        "bookingid": 2290
    },
    {
        "bookingid": 843
    },
    {
        "bookingid": 1677
    },
    {
        "bookingid": 2626
    },
    {
        "bookingid": 3321
    },
    {
        "bookingid": 1421
    },
    {
        "bookingid": 1795
    },
    {
        "bookingid": 2577
    },
    {
        "bookingid": 3650
    },
    {
        "bookingid": 4272
    },
    {
        "bookingid": 2632
    },
    {
        "bookingid": 2689
    },
    {
        "bookingid": 3896
    },
    {
        "bookingid": 3008
    },
    {
        "bookingid": 622
    },
    {
        "bookingid": 3253
    },
    {
        "bookingid": 3219
    },
    {
        "bookingid": 677
    },
    {
        "bookingid": 3352
    },
    {
        "bookingid": 2255
    },
    {
        "bookingid": 2490
    },
    {
        "bookingid": 4108
    },
    {
        "bookingid": 4138
    },
    {
        "bookingid": 2562
    },
    {
        "bookingid": 4262
    },
    {
        "bookingid": 1872
    },
    {
        "bookingid": 302
    },
    {
        "bookingid": 3132
    },
    {
        "bookingid": 2414
    },
    {
        "bookingid": 3594
    },
    {
        "bookingid": 1295
    },
    {
        "bookingid": 1148
    },
    {
        "bookingid": 3438
    },
    {
        "bookingid": 2452
    },
    {
        "bookingid": 1432
    },
    {
        "bookingid": 2777
    },
    {
        "bookingid": 290
    },
    {
        "bookingid": 1011
    },
    {
        "bookingid": 2174
    },
    {
        "bookingid": 108
    },
    {
        "bookingid": 3733
    },
    {
        "bookingid": 2784
    },
    {
        "bookingid": 2519
    },
    {
        "bookingid": 333
    },
    {
        "bookingid": 1243
    },
    {
        "bookingid": 343
    },
    {
        "bookingid": 4092
    },
    {
        "bookingid": 2693
    },
    {
        "bookingid": 3681
    },
    {
        "bookingid": 3044
    },
    {
        "bookingid": 2266
    },
    {
        "bookingid": 204
    },
    {
        "bookingid": 3060
    },
    {
        "bookingid": 4156
    },
    {
        "bookingid": 1382
    },
    {
        "bookingid": 729
    },
    {
        "bookingid": 620
    },
    {
        "bookingid": 840
    },
    {
        "bookingid": 2806
    },
    {
        "bookingid": 2002
    },
    {
        "bookingid": 2361
    },
    {
        "bookingid": 280
    },
    {
        "bookingid": 831
    },
    {
        "bookingid": 3721
    },
    {
        "bookingid": 17
    },
    {
        "bookingid": 2040
    },
    {
        "bookingid": 260
    },
    {
        "bookingid": 1244
    },
    {
        "bookingid": 2194
    },
    {
        "bookingid": 2034
    },
    {
        "bookingid": 1095
    },
    {
        "bookingid": 488
    },
    {
        "bookingid": 228
    },
    {
        "bookingid": 691
    },
    {
        "bookingid": 3179
    },
    {
        "bookingid": 2811
    },
    {
        "bookingid": 3319
    },
    {
        "bookingid": 33
    },
    {
        "bookingid": 3532
    },
    {
        "bookingid": 2550
    },
    {
        "bookingid": 2800
    },
    {
        "bookingid": 2975
    },
    {
        "bookingid": 1187
    },
    {
        "bookingid": 1707
    },
    {
        "bookingid": 3070
    },
    {
        "bookingid": 1655
    },
    {
        "bookingid": 3278
    },
    {
        "bookingid": 2659
    },
    {
        "bookingid": 712
    },
    {
        "bookingid": 3428
    },
    {
        "bookingid": 547
    },
    {
        "bookingid": 1055
    },
    {
        "bookingid": 3863
    },
    {
        "bookingid": 3881
    },
    {
        "bookingid": 3285
    },
    {
        "bookingid": 3501
    },
    {
        "bookingid": 643
    },
    {
        "bookingid": 3262
    },
    {
        "bookingid": 1797
    },
    {
        "bookingid": 4104
    },
    {
        "bookingid": 288
    },
    {
        "bookingid": 2319
    },
    {
        "bookingid": 2912
    },
    {
        "bookingid": 3231
    },
    {
        "bookingid": 291
    },
    {
        "bookingid": 693
    },
    {
        "bookingid": 1347
    },
    {
        "bookingid": 1206
    },
    {
        "bookingid": 1039
    },
    {
        "bookingid": 785
    },
    {
        "bookingid": 1829
    },
    {
        "bookingid": 3307
    },
    {
        "bookingid": 3562
    },
    {
        "bookingid": 901
    },
    {
        "bookingid": 1438
    },
    {
        "bookingid": 1057
    },
    {
        "bookingid": 2842
    },
    {
        "bookingid": 2980
    },
    {
        "bookingid": 1070
    },
    {
        "bookingid": 1906
    },
    {
        "bookingid": 3624
    },
    {
        "bookingid": 1374
    },
    {
        "bookingid": 400
    },
    {
        "bookingid": 3405
    },
    {
        "bookingid": 1442
    },
    {
        "bookingid": 190
    },
    {
        "bookingid": 2620
    },
    {
        "bookingid": 660
    },
    {
        "bookingid": 1712
    },
    {
        "bookingid": 76
    },
    {
        "bookingid": 3136
    },
    {
        "bookingid": 65
    },
    {
        "bookingid": 1980
    },
    {
        "bookingid": 1882
    },
    {
        "bookingid": 572
    },
    {
        "bookingid": 86
    },
    {
        "bookingid": 3100
    },
    {
        "bookingid": 2763
    },
    {
        "bookingid": 2180
    },
    {
        "bookingid": 1937
    },
    {
        "bookingid": 2096
    },
    {
        "bookingid": 979
    },
    {
        "bookingid": 3570
    },
    {
        "bookingid": 3221
    },
    {
        "bookingid": 671
    },
    {
        "bookingid": 968
    },
    {
        "bookingid": 4075
    },
    {
        "bookingid": 251
    },
    {
        "bookingid": 1798
    },
    {
        "bookingid": 621
    },
    {
        "bookingid": 3468
    },
    {
        "bookingid": 949
    },
    {
        "bookingid": 3495
    },
    {
        "bookingid": 1648
    },
    {
        "bookingid": 1834
    },
    {
        "bookingid": 2509
    },
    {
        "bookingid": 1064
    },
    {
        "bookingid": 180
    },
    {
        "bookingid": 4002
    },
    {
        "bookingid": 4183
    },
    {
        "bookingid": 1734
    },
    {
        "bookingid": 861
    },
    {
        "bookingid": 2440
    },
    {
        "bookingid": 1086
    },
    {
        "bookingid": 551
    },
    {
        "bookingid": 2854
    },
    {
        "bookingid": 3310
    },
    {
        "bookingid": 3496
    },
    {
        "bookingid": 3529
    },
    {
        "bookingid": 1269
    },
    {
        "bookingid": 1877
    },
    {
        "bookingid": 1928
    },
    {
        "bookingid": 307
    },
    {
        "bookingid": 2345
    },
    {
        "bookingid": 1948
    },
    {
        "bookingid": 258
    },
    {
        "bookingid": 123
    },
    {
        "bookingid": 4078
    },
    {
        "bookingid": 1513
    },
    {
        "bookingid": 3726
    },
    {
        "bookingid": 765
    },
    {
        "bookingid": 603
    },
    {
        "bookingid": 249
    },
    {
        "bookingid": 1868
    },
    {
        "bookingid": 2735
    },
    {
        "bookingid": 2829
    },
    {
        "bookingid": 974
    },
    {
        "bookingid": 2605
    },
    {
        "bookingid": 2981
    },
    {
        "bookingid": 969
    },
    {
        "bookingid": 4144
    },
    {
        "bookingid": 713
    },
    {
        "bookingid": 1642
    },
    {
        "bookingid": 4133
    },
    {
        "bookingid": 4337
    },
    {
        "bookingid": 4039
    },
    {
        "bookingid": 2859
    },
    {
        "bookingid": 1066
    },
    {
        "bookingid": 2819
    },
    {
        "bookingid": 1035
    },
    {
        "bookingid": 1193
    },
    {
        "bookingid": 838
    },
    {
        "bookingid": 3054
    },
    {
        "bookingid": 3477
    },
    {
        "bookingid": 3074
    },
    {
        "bookingid": 4164
    },
    {
        "bookingid": 3407
    },
    {
        "bookingid": 3815
    },
    {
        "bookingid": 1979
    },
    {
        "bookingid": 2653
    },
    {
        "bookingid": 1803
    },
    {
        "bookingid": 996
    },
    {
        "bookingid": 3294
    },
    {
        "bookingid": 1652
    },
    {
        "bookingid": 255
    },
    {
        "bookingid": 2654
    },
    {
        "bookingid": 611
    },
    {
        "bookingid": 1275
    },
    {
        "bookingid": 2124
    },
    {
        "bookingid": 1224
    },
    {
        "bookingid": 2310
    },
    {
        "bookingid": 954
    },
    {
        "bookingid": 429
    },
    {
        "bookingid": 3999
    },
    {
        "bookingid": 56
    },
    {
        "bookingid": 3171
    },
    {
        "bookingid": 2622
    },
    {
        "bookingid": 1161
    },
    {
        "bookingid": 4001
    },
    {
        "bookingid": 2038
    },
    {
        "bookingid": 1543
    },
    {
        "bookingid": 10
    },
    {
        "bookingid": 21
    },
    {
        "bookingid": 2710
    },
    {
        "bookingid": 3915
    },
    {
        "bookingid": 672
    },
    {
        "bookingid": 511
    },
    {
        "bookingid": 4207
    },
    {
        "bookingid": 2208
    },
    {
        "bookingid": 1828
    },
    {
        "bookingid": 2504
    },
    {
        "bookingid": 2619
    },
    {
        "bookingid": 3021
    },
    {
        "bookingid": 1468
    },
    {
        "bookingid": 2799
    },
    {
        "bookingid": 1932
    },
    {
        "bookingid": 2770
    },
    {
        "bookingid": 1970
    },
    {
        "bookingid": 1249
    },
    {
        "bookingid": 2246
    },
    {
        "bookingid": 2066
    },
    {
        "bookingid": 4316
    },
    {
        "bookingid": 2458
    },
    {
        "bookingid": 1227
    },
    {
        "bookingid": 3685
    },
    {
        "bookingid": 2855
    },
    {
        "bookingid": 3290
    },
    {
        "bookingid": 2805
    },
    {
        "bookingid": 154
    },
    {
        "bookingid": 2113
    },
    {
        "bookingid": 2292
    },
    {
        "bookingid": 1322
    },
    {
        "bookingid": 91
    },
    {
        "bookingid": 431
    },
    {
        "bookingid": 2650
    },
    {
        "bookingid": 2365
    },
    {
        "bookingid": 31
    },
    {
        "bookingid": 678
    },
    {
        "bookingid": 589
    },
    {
        "bookingid": 214
    },
    {
        "bookingid": 549
    },
    {
        "bookingid": 1524
    },
    {
        "bookingid": 4029
    },
    {
        "bookingid": 2578
    },
    {
        "bookingid": 1356
    },
    {
        "bookingid": 2454
    },
    {
        "bookingid": 1301
    },
    {
        "bookingid": 594
    },
    {
        "bookingid": 2376
    },
    {
        "bookingid": 635
    },
    {
        "bookingid": 598
    },
    {
        "bookingid": 3144
    },
    {
        "bookingid": 4311
    },
    {
        "bookingid": 4189
    },
    {
        "bookingid": 1008
    },
    {
        "bookingid": 1489
    },
    {
        "bookingid": 2932
    },
    {
        "bookingid": 808
    },
    {
        "bookingid": 2587
    },
    {
        "bookingid": 287
    },
    {
        "bookingid": 2441
    },
    {
        "bookingid": 3767
    },
    {
        "bookingid": 2166
    },
    {
        "bookingid": 2539
    },
    {
        "bookingid": 256
    },
    {
        "bookingid": 3884
    },
    {
        "bookingid": 3688
    },
    {
        "bookingid": 1343
    },
    {
        "bookingid": 4288
    },
    {
        "bookingid": 602
    },
    {
        "bookingid": 16
    },
    {
        "bookingid": 2132
    },
    {
        "bookingid": 3702
    },
    {
        "bookingid": 661
    },
    {
        "bookingid": 1192
    },
    {
        "bookingid": 833
    },
    {
        "bookingid": 3994
    },
    {
        "bookingid": 2544
    },
    {
        "bookingid": 4103
    },
    {
        "bookingid": 3678
    },
    {
        "bookingid": 2524
    },
    {
        "bookingid": 1549
    },
    {
        "bookingid": 1975
    },
    {
        "bookingid": 2924
    },
    {
        "bookingid": 3989
    },
    {
        "bookingid": 3587
    },
    {
        "bookingid": 3995
    },
    {
        "bookingid": 730
    },
    {
        "bookingid": 452
    },
    {
        "bookingid": 2421
    },
    {
        "bookingid": 3328
    },
    {
        "bookingid": 142
    },
    {
        "bookingid": 1620
    },
    {
        "bookingid": 2229
    },
    {
        "bookingid": 2781
    },
    {
        "bookingid": 2877
    },
    {
        "bookingid": 3448
    },
    {
        "bookingid": 3490
    },
    {
        "bookingid": 1375
    },
    {
        "bookingid": 1791
    },
    {
        "bookingid": 2371
    },
    {
        "bookingid": 916
    },
    {
        "bookingid": 2495
    },
    {
        "bookingid": 2864
    },
    {
        "bookingid": 2043
    },
    {
        "bookingid": 2138
    },
    {
        "bookingid": 4199
    },
    {
        "bookingid": 3574
    },
    {
        "bookingid": 1454
    },
    {
        "bookingid": 3977
    },
    {
        "bookingid": 2247
    },
    {
        "bookingid": 3662
    },
    {
        "bookingid": 1910
    },
    {
        "bookingid": 3169
    },
    {
        "bookingid": 4297
    },
    {
        "bookingid": 774
    },
    {
        "bookingid": 1579
    },
    {
        "bookingid": 1313
    },
    {
        "bookingid": 98
    },
    {
        "bookingid": 1863
    },
    {
        "bookingid": 2237
    },
    {
        "bookingid": 2330
    },
    {
        "bookingid": 3349
    },
    {
        "bookingid": 3082
    },
    {
        "bookingid": 1239
    },
    {
        "bookingid": 668
    },
    {
        "bookingid": 3765
    },
    {
        "bookingid": 2921
    },
    {
        "bookingid": 2182
    },
    {
        "bookingid": 959
    },
    {
        "bookingid": 792
    },
    {
        "bookingid": 3317
    },
    {
        "bookingid": 1615
    },
    {
        "bookingid": 512
    },
    {
        "bookingid": 2304
    },
    {
        "bookingid": 2649
    },
    {
        "bookingid": 4181
    },
    {
        "bookingid": 2822
    },
    {
        "bookingid": 254
    },
    {
        "bookingid": 4266
    },
    {
        "bookingid": 425
    },
    {
        "bookingid": 3227
    },
    {
        "bookingid": 1665
    },
    {
        "bookingid": 1160
    },
    {
        "bookingid": 1670
    },
    {
        "bookingid": 1925
    },
    {
        "bookingid": 1271
    },
    {
        "bookingid": 3228
    },
    {
        "bookingid": 4091
    },
    {
        "bookingid": 1390
    },
    {
        "bookingid": 1770
    },
    {
        "bookingid": 4197
    },
    {
        "bookingid": 1
    },
    {
        "bookingid": 4028
    },
    {
        "bookingid": 1871
    },
    {
        "bookingid": 2827
    },
    {
        "bookingid": 4067
    },
    {
        "bookingid": 2161
    },
    {
        "bookingid": 3523
    },
    {
        "bookingid": 194
    },
    {
        "bookingid": 2009
    },
    {
        "bookingid": 1774
    },
    {
        "bookingid": 2149
    },
    {
        "bookingid": 1103
    },
    {
        "bookingid": 4177
    },
    {
        "bookingid": 2098
    },
    {
        "bookingid": 2843
    },
    {
        "bookingid": 1137
    },
    {
        "bookingid": 3696
    },
    {
        "bookingid": 1155
    },
    {
        "bookingid": 1230
    },
    {
        "bookingid": 1077
    },
    {
        "bookingid": 15
    },
    {
        "bookingid": 4036
    },
    {
        "bookingid": 1814
    },
    {
        "bookingid": 2608
    },
    {
        "bookingid": 740
    },
    {
        "bookingid": 1537
    },
    {
        "bookingid": 1501
    },
    {
        "bookingid": 608
    },
    {
        "bookingid": 2126
    },
    {
        "bookingid": 3086
    },
    {
        "bookingid": 776
    },
    {
        "bookingid": 2934
    },
    {
        "bookingid": 105
    },
    {
        "bookingid": 2256
    },
    {
        "bookingid": 2489
    },
    {
        "bookingid": 1920
    },
    {
        "bookingid": 2902
    },
    {
        "bookingid": 1016
    },
    {
        "bookingid": 1367
    },
    {
        "bookingid": 2713
    },
    {
        "bookingid": 1174
    },
    {
        "bookingid": 1469
    },
    {
        "bookingid": 3898
    },
    {
        "bookingid": 1577
    },
    {
        "bookingid": 2567
    },
    {
        "bookingid": 219
    },
    {
        "bookingid": 316
    },
    {
        "bookingid": 3467
    },
    {
        "bookingid": 4317
    },
    {
        "bookingid": 2974
    },
    {
        "bookingid": 2949
    },
    {
        "bookingid": 3939
    },
    {
        "bookingid": 626
    },
    {
        "bookingid": 395
    },
    {
        "bookingid": 391
    },
    {
        "bookingid": 2953
    },
    {
        "bookingid": 2585
    },
    {
        "bookingid": 3064
    },
    {
        "bookingid": 4163
    },
    {
        "bookingid": 1263
    },
    {
        "bookingid": 3329
    },
    {
        "bookingid": 378
    },
    {
        "bookingid": 3
    },
    {
        "bookingid": 1133
    },
    {
        "bookingid": 3158
    },
    {
        "bookingid": 2200
    },
    {
        "bookingid": 1485
    },
    {
        "bookingid": 248
    },
    {
        "bookingid": 107
    },
    {
        "bookingid": 1593
    },
    {
        "bookingid": 1771
    },
    {
        "bookingid": 212
    },
    {
        "bookingid": 3220
    },
    {
        "bookingid": 3891
    },
    {
        "bookingid": 3833
    },
    {
        "bookingid": 1376
    },
    {
        "bookingid": 3836
    },
    {
        "bookingid": 347
    },
    {
        "bookingid": 3515
    },
    {
        "bookingid": 912
    },
    {
        "bookingid": 3383
    },
    {
        "bookingid": 1589
    },
    {
        "bookingid": 1004
    },
    {
        "bookingid": 3791
    },
    {
        "bookingid": 2222
    },
    {
        "bookingid": 1746
    },
    {
        "bookingid": 2761
    },
    {
        "bookingid": 2683
    },
    {
        "bookingid": 298
    },
    {
        "bookingid": 1143
    },
    {
        "bookingid": 418
    },
    {
        "bookingid": 3304
    },
    {
        "bookingid": 2337
    },
    {
        "bookingid": 3916
    },
    {
        "bookingid": 1672
    },
    {
        "bookingid": 2889
    },
    {
        "bookingid": 3760
    },
    {
        "bookingid": 3019
    },
    {
        "bookingid": 1212
    },
    {
        "bookingid": 779
    },
    {
        "bookingid": 4051
    },
    {
        "bookingid": 2206
    },
    {
        "bookingid": 3551
    },
    {
        "bookingid": 232
    },
    {
        "bookingid": 3516
    },
    {
        "bookingid": 3441
    },
    {
        "bookingid": 4319
    },
    {
        "bookingid": 2058
    },
    {
        "bookingid": 274
    },
    {
        "bookingid": 1569
    },
    {
        "bookingid": 3642
    },
    {
        "bookingid": 4208
    },
    {
        "bookingid": 715
    },
    {
        "bookingid": 1919
    },
    {
        "bookingid": 2657
    },
    {
        "bookingid": 1449
    },
    {
        "bookingid": 479
    },
    {
        "bookingid": 3654
    },
    {
        "bookingid": 1050
    },
    {
        "bookingid": 1662
    },
    {
        "bookingid": 2322
    },
    {
        "bookingid": 483
    },
    {
        "bookingid": 2052
    },
    {
        "bookingid": 1359
    },
    {
        "bookingid": 1366
    },
    {
        "bookingid": 3264
    },
    {
        "bookingid": 3846
    },
    {
        "bookingid": 422
    },
    {
        "bookingid": 3789
    },
    {
        "bookingid": 958
    },
    {
        "bookingid": 2201
    },
    {
        "bookingid": 2935
    },
    {
        "bookingid": 152
    },
    {
        "bookingid": 3647
    },
    {
        "bookingid": 3435
    },
    {
        "bookingid": 1536
    },
    {
        "bookingid": 72
    },
    {
        "bookingid": 2243
    },
    {
        "bookingid": 4073
    },
    {
        "bookingid": 1997
    },
    {
        "bookingid": 3015
    },
    {
        "bookingid": 2904
    },
    {
        "bookingid": 2716
    },
    {
        "bookingid": 3676
    },
    {
        "bookingid": 3517
    },
    {
        "bookingid": 205
    },
    {
        "bookingid": 4321
    },
    {
        "bookingid": 3153
    },
    {
        "bookingid": 3450
    },
    {
        "bookingid": 1657
    },
    {
        "bookingid": 59
    },
    {
        "bookingid": 2265
    },
    {
        "bookingid": 4230
    },
    {
        "bookingid": 1946
    },
    {
        "bookingid": 2747
    },
    {
        "bookingid": 538
    },
    {
        "bookingid": 1903
    },
    {
        "bookingid": 1220
    },
    {
        "bookingid": 3238
    },
    {
        "bookingid": 2618
    },
    {
        "bookingid": 516
    },
    {
        "bookingid": 557
    },
    {
        "bookingid": 925
    },
    {
        "bookingid": 2741
    },
    {
        "bookingid": 533
    },
    {
        "bookingid": 1237
    },
    {
        "bookingid": 450
    },
    {
        "bookingid": 1539
    },
    {
        "bookingid": 1091
    },
    {
        "bookingid": 1590
    },
    {
        "bookingid": 875
    },
    {
        "bookingid": 2793
    },
    {
        "bookingid": 1693
    },
    {
        "bookingid": 2327
    },
    {
        "bookingid": 1805
    },
    {
        "bookingid": 2278
    },
    {
        "bookingid": 894
    },
    {
        "bookingid": 2287
    },
    {
        "bookingid": 1207
    },
    {
        "bookingid": 3969
    },
    {
        "bookingid": 3507
    },
    {
        "bookingid": 3417
    },
    {
        "bookingid": 3522
    },
    {
        "bookingid": 2910
    },
    {
        "bookingid": 3737
    },
    {
        "bookingid": 3821
    },
    {
        "bookingid": 3525
    },
    {
        "bookingid": 1994
    },
    {
        "bookingid": 962
    },
    {
        "bookingid": 2088
    },
    {
        "bookingid": 807
    },
    {
        "bookingid": 1232
    },
    {
        "bookingid": 3109
    },
    {
        "bookingid": 922
    },
    {
        "bookingid": 1749
    },
    {
        "bookingid": 2582
    },
    {
        "bookingid": 244
    },
    {
        "bookingid": 1083
    },
    {
        "bookingid": 4141
    },
    {
        "bookingid": 3192
    },
    {
        "bookingid": 1056
    },
    {
        "bookingid": 4151
    },
    {
        "bookingid": 4006
    },
    {
        "bookingid": 3973
    },
    {
        "bookingid": 2749
    },
    {
        "bookingid": 3565
    },
    {
        "bookingid": 1575
    },
    {
        "bookingid": 4154
    },
    {
        "bookingid": 971
    },
    {
        "bookingid": 1751
    },
    {
        "bookingid": 2503
    },
    {
        "bookingid": 3444
    },
    {
        "bookingid": 125
    },
    {
        "bookingid": 1550
    },
    {
        "bookingid": 1311
    },
    {
        "bookingid": 1702
    },
    {
        "bookingid": 513
    },
    {
        "bookingid": 2508
    },
    {
        "bookingid": 4000
    },
    {
        "bookingid": 3029
    },
    {
        "bookingid": 618
    },
    {
        "bookingid": 3777
    },
    {
        "bookingid": 3166
    },
    {
        "bookingid": 1826
    },
    {
        "bookingid": 2417
    },
    {
        "bookingid": 3199
    },
    {
        "bookingid": 7
    },
    {
        "bookingid": 3106
    },
    {
        "bookingid": 4283
    },
    {
        "bookingid": 3641
    },
    {
        "bookingid": 3066
    },
    {
        "bookingid": 2369
    },
    {
        "bookingid": 18
    },
    {
        "bookingid": 1259
    },
    {
        "bookingid": 1756
    },
    {
        "bookingid": 2078
    },
    {
        "bookingid": 3738
    },
    {
        "bookingid": 168
    },
    {
        "bookingid": 4186
    },
    {
        "bookingid": 3459
    },
    {
        "bookingid": 1832
    },
    {
        "bookingid": 2575
    },
    {
        "bookingid": 593
    },
    {
        "bookingid": 2905
    },
    {
        "bookingid": 4306
    },
    {
        "bookingid": 4033
    },
    {
        "bookingid": 1956
    },
    {
        "bookingid": 3357
    },
    {
        "bookingid": 2081
    },
    {
        "bookingid": 1777
    },
    {
        "bookingid": 1198
    },
    {
        "bookingid": 607
    },
    {
        "bookingid": 1714
    },
    {
        "bookingid": 3359
    },
    {
        "bookingid": 1387
    },
    {
        "bookingid": 4142
    },
    {
        "bookingid": 43
    },
    {
        "bookingid": 2117
    },
    {
        "bookingid": 1938
    },
    {
        "bookingid": 2555
    },
    {
        "bookingid": 543
    },
    {
        "bookingid": 2005
    },
    {
        "bookingid": 934
    },
    {
        "bookingid": 3499
    },
    {
        "bookingid": 650
    },
    {
        "bookingid": 1719
    },
    {
        "bookingid": 2175
    },
    {
        "bookingid": 62
    },
    {
        "bookingid": 1274
    },
    {
        "bookingid": 992
    },
    {
        "bookingid": 984
    },
    {
        "bookingid": 2390
    },
    {
        "bookingid": 2
    },
    {
        "bookingid": 564
    },
    {
        "bookingid": 303
    },
    {
        "bookingid": 3543
    },
    {
        "bookingid": 3387
    },
    {
        "bookingid": 4079
    },
    {
        "bookingid": 466
    },
    {
        "bookingid": 3196
    },
    {
        "bookingid": 2307
    },
    {
        "bookingid": 3615
    },
    {
        "bookingid": 2635
    },
    {
        "bookingid": 1108
    },
    {
        "bookingid": 2744
    },
    {
        "bookingid": 1582
    },
    {
        "bookingid": 4146
    },
    {
        "bookingid": 1557
    },
    {
        "bookingid": 2214
    },
    {
        "bookingid": 1912
    },
    {
        "bookingid": 3156
    },
    {
        "bookingid": 3568
    },
    {
        "bookingid": 2298
    },
    {
        "bookingid": 497
    },
    {
        "bookingid": 3263
    },
    {
        "bookingid": 3900
    },
    {
        "bookingid": 1940
    },
    {
        "bookingid": 4228
    },
    {
        "bookingid": 1708
    },
    {
        "bookingid": 451
    },
    {
        "bookingid": 558
    },
    {
        "bookingid": 3695
    },
    {
        "bookingid": 2209
    },
    {
        "bookingid": 1059
    },
    {
        "bookingid": 1240
    },
    {
        "bookingid": 3541
    },
    {
        "bookingid": 1406
    },
    {
        "bookingid": 952
    },
    {
        "bookingid": 1762
    },
    {
        "bookingid": 2354
    },
    {
        "bookingid": 812
    },
    {
        "bookingid": 735
    },
    {
        "bookingid": 2820
    },
    {
        "bookingid": 1105
    },
    {
        "bookingid": 768
    },
    {
        "bookingid": 3666
    },
    {
        "bookingid": 3447
    },
    {
        "bookingid": 2939
    },
    {
        "bookingid": 1859
    },
    {
        "bookingid": 85
    },
    {
        "bookingid": 4021
    },
    {
        "bookingid": 1147
    },
    {
        "bookingid": 137
    },
    {
        "bookingid": 1391
    },
    {
        "bookingid": 2606
    },
    {
        "bookingid": 1736
    },
    {
        "bookingid": 842
    },
    {
        "bookingid": 4168
    },
    {
        "bookingid": 1009
    },
    {
        "bookingid": 2984
    },
    {
        "bookingid": 292
    },
    {
        "bookingid": 3797
    },
    {
        "bookingid": 2568
    },
    {
        "bookingid": 930
    },
    {
        "bookingid": 3581
    },
    {
        "bookingid": 1992
    },
    {
        "bookingid": 3569
    },
    {
        "bookingid": 2581
    },
    {
        "bookingid": 1279
    },
[...]
    },
    {
        "bookingid": 276
    },
    {
        "bookingid": 2320
    },
    {
        "bookingid": 1861
    },
    {
        "bookingid": 1196
    },
    {
        "bookingid": 124
    },
    {
        "bookingid": 3899
    },
    {
        "bookingid": 4035
    },
    {
        "bookingid": 906
    },
    {
        "bookingid": 2513
    },
    {
        "bookingid": 257
    },
    {
        "bookingid": 3256
    },
    {
        "bookingid": 2894
    },
    {
        "bookingid": 296
    },
    {
        "bookingid": 3254
    },
    {
        "bookingid": 3347
    },
    {
        "bookingid": 2152
    },
    {
        "bookingid": 166
    },
    {
        "bookingid": 1793
    },
    {
        "bookingid": 309
    },
    {
        "bookingid": 1334
    },
    {
        "bookingid": 3729
    },
    {
        "bookingid": 3122
    },
    {
        "bookingid": 2158
    },
    {
        "bookingid": 4095
    },
    {
        "bookingid": 2207
    },
    {
        "bookingid": 2834
    },
    {
        "bookingid": 4047
    },
    {
        "bookingid": 2000
    },
    {
        "bookingid": 1588
    },
    {
        "bookingid": 3804
    },
    {
        "bookingid": 2825
    },
    {
        "bookingid": 631
    },
    {
        "bookingid": 3416
    },
    {
        "bookingid": 1099
    },
    {
        "bookingid": 825
    },
    {
        "bookingid": 577
    },
    {
        "bookingid": 335
    },
    {
        "bookingid": 4112
    },
    {
        "bookingid": 4331
    },
    {
        "bookingid": 2753
    },
    {
        "bookingid": 3325
    },
    {
        "bookingid": 3855
    },
    {
        "bookingid": 2135
    },
    {
        "bookingid": 2872
    },
    {
        "bookingid": 2846
    },
    {
        "bookingid": 1422
    },
    {
        "bookingid": 897
    },
    {
        "bookingid": 3039
    },
    {
        "bookingid": 3783
    },
    {
        "bookingid": 482
    },
    {
        "bookingid": 4281
    },
    {
        "bookingid": 1786
    },
    {
        "bookingid": 2545
    },
    {
        "bookingid": 1125
    },
    {
        "bookingid": 3943
    },
    {
        "bookingid": 1965
    },
    {
        "bookingid": 1329
    },
    {
        "bookingid": 2338
    },
    {
        "bookingid": 63
    },
    {
        "bookingid": 229
    },
    {
        "bookingid": 4314
    },
    {
        "bookingid": 4308
    },
    {
        "bookingid": 1889
    },
    {
        "bookingid": 3764
    },
    {
        "bookingid": 552
    },
    {
        "bookingid": 718
    },
    {
        "bookingid": 2192
    },
    {
        "bookingid": 1701
    },
    {
        "bookingid": 1291
    },
    {
        "bookingid": 2437
    },
    {
        "bookingid": 1897
    },
    {
        "bookingid": 3041
    },
    {
        "bookingid": 2412
    },
    {
        "bookingid": 320
    },
    {
        "bookingid": 1429
    },
    {
        "bookingid": 3491
    },
    {
        "bookingid": 3757
    },
    {
        "bookingid": 991
    },
    {
        "bookingid": 60
    },
    {
        "bookingid": 106
    },
    {
        "bookingid": 734
    },
    {
        "bookingid": 2931
    },
    {
        "bookingid": 4116
    },
    {
        "bookingid": 1716
    },
    {
        "bookingid": 199
    },
    {
        "bookingid": 3985
    },
    {
        "bookingid": 2882
    },
    {
        "bookingid": 1959
    },
    {
        "bookingid": 727
    },
    {
        "bookingid": 3470
    },
    {
        "bookingid": 4216
    },
    {
        "bookingid": 3112
    },
    {
        "bookingid": 2637
    },
    {
        "bookingid": 2403
    },
    {
        "bookingid": 3395
    },
    {
        "bookingid": 878
    },
    {
        "bookingid": 3159
    },
    {
        "bookingid": 2240
    },
    {
        "bookingid": 2589
    },
    {
        "bookingid": 908
    },
    {
        "bookingid": 2220
    },
    {
        "bookingid": 3213
    },
    {
        "bookingid": 2478
    },
    {
        "bookingid": 206
    },
    {
        "bookingid": 3003
    },
    {
        "bookingid": 2955
    },
    {
        "bookingid": 4013
    },
    {
        "bookingid": 612
    },
    {
        "bookingid": 1017
    },
    {
        "bookingid": 1767
    },
    {
        "bookingid": 537
    },
    {
        "bookingid": 1170
    },
    {
        "bookingid": 2670
    },
    {
        "bookingid": 2888
    },
    {
        "bookingid": 2641
    },
    {
        "bookingid": 2277
    },
    {
        "bookingid": 1300
    },
    {
        "bookingid": 4243
    },
    {
        "bookingid": 3854
    },
    {
        "bookingid": 3684
    },
    {
        "bookingid": 2782
    },
    {
        "bookingid": 2408
    },
    {
        "bookingid": 3823
    },
    {
        "bookingid": 3293
    },
    {
        "bookingid": 2198
    },
    {
        "bookingid": 449
    },
    {
        "bookingid": 445
    },
    {
        "bookingid": 946
    },
    {
        "bookingid": 3180
    },
    {
        "bookingid": 3049
    },
    {
        "bookingid": 2031
    },
    {
        "bookingid": 3982
    },
    {
        "bookingid": 3843
    },
    {
        "bookingid": 4193
    },
    {
        "bookingid": 234
    },
    {
        "bookingid": 1801
    },
    {
        "bookingid": 3202
    },
    {
        "bookingid": 3546
    },
    {
        "bookingid": 3148
    },
    {
        "bookingid": 3743
    },
    {
        "bookingid": 1416
    },
    {
        "bookingid": 2719
    },
    {
        "bookingid": 786
    },
    {
        "bookingid": 164
    },
    {
        "bookingid": 1121
    },
    {
        "bookingid": 2916
    },
    {
        "bookingid": 2342
    },
    {
        "bookingid": 771
    },
    {
        "bookingid": 2362
    },
    {
        "bookingid": 565
    },
    {
        "bookingid": 4043
    },
    {
        "bookingid": 927
    },
    {
        "bookingid": 1114
    },
    {
        "bookingid": 1646
    },
    {
        "bookingid": 910
    },
    {
        "bookingid": 1158
    },
    {
        "bookingid": 3895
    },
    {
        "bookingid": 4275
    },
    {
        "bookingid": 2803
    },
    {
        "bookingid": 2037
    },
    {
        "bookingid": 3453
    },
    {
        "bookingid": 493
    },
    {
        "bookingid": 4071
    },
    {
        "bookingid": 3637
    },
    {
        "bookingid": 3602
    },
    {
        "bookingid": 4105
    },
    {
        "bookingid": 346
    },
    {
        "bookingid": 3705
    },
    {
        "bookingid": 1228
    },
    {
        "bookingid": 1362
    },
    {
        "bookingid": 2142
    },
    {
        "bookingid": 1862
    },
    {
        "bookingid": 3460
    },
    {
        "bookingid": 4102
    },
    {
        "bookingid": 2045
    },
    {
        "bookingid": 2701
    },
    {
        "bookingid": 2922
    },
    {
        "bookingid": 1078
    },
    {
        "bookingid": 3547
    },
    {
        "bookingid": 3771
    },
    {
        "bookingid": 4245
    },
    {
        "bookingid": 978
    },
    {
        "bookingid": 3356
    },
    {
        "bookingid": 2003
    },
    {
        "bookingid": 423
    },
    {
        "bookingid": 809
    },
    {
        "bookingid": 2952
    },
    {
        "bookingid": 4171
    },
    {
        "bookingid": 1444
    },
    {
        "bookingid": 4094
    },
    {
        "bookingid": 44
    },
    {
        "bookingid": 2878
    },
    {
        "bookingid": 1465
    },
    {
        "bookingid": 3434
    },
    {
        "bookingid": 3005
    },
    {
        "bookingid": 1757
    },
    {
        "bookingid": 881
    },
    {
        "bookingid": 684
    },
    {
        "bookingid": 3198
    },
    {
        "bookingid": 2680
    },
    {
        "bookingid": 1968
    },
    {
        "bookingid": 3725
    },
    {
        "bookingid": 87
    },
    {
        "bookingid": 2396
    },
    {
        "bookingid": 1561
    },
    {
        "bookingid": 2284
    },
    {
        "bookingid": 1188
    },
    {
        "bookingid": 75
    },
    {
        "bookingid": 716
    },
    {
        "bookingid": 3119
    },
    {
        "bookingid": 2992
    },
    {
        "bookingid": 1515
    },
    {
        "bookingid": 648
    },
    {
        "bookingid": 4263
    },
    {
        "bookingid": 1785
    },
    {
        "bookingid": 1974
    },
    {
        "bookingid": 4122
    },
    {
        "bookingid": 3178
    },
    {
        "bookingid": 388
    },
    {
        "bookingid": 2673
    },
    {
        "bookingid": 2356
    },
    {
        "bookingid": 2730
    },
    {
        "bookingid": 2123
    },
    {
        "bookingid": 2586
    },
    {
        "bookingid": 1609
    },
    {
        "bookingid": 1748
    },
    {
        "bookingid": 2377
    },
    {
        "bookingid": 2740
    },
    {
        "bookingid": 1721
    },
    {
        "bookingid": 1879
    },
    {
        "bookingid": 3703
    },
    {
        "bookingid": 4022
    },
    {
        "bookingid": 2159
    },
    {
        "bookingid": 443
    },
    {
        "bookingid": 3484
    },
    {
        "bookingid": 3333
    }
]
]]></system-out>
  </testcase>
  <testcase name="UpdateBooking" classname="test.HappyPath" time="0.721">
    <system-out><![CDATA[{
    "firstname": "Mehmet",
    "lastname": "Pusmaz",
    "totalprice": 1,
    "depositpaid": false,
    "bookingdates": {
        "checkin": "2020-01-01",
        "checkout": "2020-01-01"
    },
    "additionalneeds": "Breakfast"
}
]]></system-out>
  </testcase>
  <testcase name="PatchBooking" classname="test.HappyPath" time="0.728">
    <system-out><![CDATA[{
    "firstname": "Furkan",
    "lastname": "Çam",
    "totalprice": 1,
    "depositpaid": false,
    "bookingdates": {
        "checkin": "2020-01-01",
        "checkout": "2020-01-01"
    },
    "additionalneeds": "Breakfast"
}
]]></system-out>
  </testcase>
  <testcase name="DeleteBooking" classname="test.HappyPath" time="0.67">
    <system-out><![CDATA[Created
]]></system-out>
  </testcase>
  <testcase name="testStatusCode" classname="test._1_PositiveTest._1_CreateToken" time="0.042">
    <system-out><![CDATA[200
{
    "token": "194016c94b938ed"
}
]]></system-out>
  </testcase>
  <testcase name="testContentType" classname="test._1_PositiveTest._1_CreateToken" time="0.002">
    <system-out><![CDATA[application/json; charset=utf-8
]]></system-out>
  </testcase>
  <testcase name="testResponseTime" classname="test._1_PositiveTest._1_CreateToken" time="0.002">
    <system-out><![CDATA[661
]]></system-out>
  </testcase>
  <testcase name="testBookingBody" classname="test._1_PositiveTest._1_CreateToken" time="0.004">
    <system-out><![CDATA[{
    "token": "194016c94b938ed"
}
]]></system-out>
  </testcase>
  <testcase name="testResponseBody" classname="test._1_PositiveTest._1_CreateToken" time="0.029">
    <system-out><![CDATA[194016c94b938ed
]]></system-out>
  </testcase>
  <testcase name="testIsTokenString" classname="test._1_PositiveTest._1_CreateToken" time="0.051">
    <system-out><![CDATA[15
]]></system-out>
  </testcase>
  <testcase name="testStatusCode" classname="test._1_PositiveTest._2_CreateBooking" time="0.007">
    <system-out><![CDATA[200
]]></system-out>
  </testcase>
  <testcase name="testContentType" classname="test._1_PositiveTest._2_CreateBooking" time="0.005">
    <system-out><![CDATA[application/json; charset=utf-8
]]></system-out>
  </testcase>
  <testcase name="testResponseTime" classname="test._1_PositiveTest._2_CreateBooking" time="0.004">
    <system-out><![CDATA[709
]]></system-out>
  </testcase>
  <testcase name="testBookingBody" classname="test._1_PositiveTest._2_CreateBooking" time="0.008">
    <system-out><![CDATA[{
    "bookingid": 4375,
    "booking": {
        "firstname": "Hasan",
        "lastname": "Dursun",
        "totalprice": 0,
        "depositpaid": true,
        "bookingdates": {
            "checkin": "2020-01-01",
            "checkout": "2020-01-01"
        },
        "additionalneeds": "Dinner"
    }
}
]]></system-out>
  </testcase>
  <testcase name="testBookingSchema" classname="test._1_PositiveTest._2_CreateBooking" time="0.008"/>
  <testcase name="testFirstname" classname="test._1_PositiveTest._2_CreateBooking" time="0.007">
    <system-out><![CDATA[Payload :Hasan
Response :Hasan
]]></system-out>
  </testcase>
  <testcase name="testLastname" classname="test._1_PositiveTest._2_CreateBooking" time="0.003">
    <system-out><![CDATA[Payload :Dursun
Response :Dursun
]]></system-out>
  </testcase>
  <testcase name="testTotalPrice" classname="test._1_PositiveTest._2_CreateBooking" time="0.005">
    <system-out><![CDATA[Payload :0
Response :0
]]></system-out>
  </testcase>
  <testcase name="testDepositpaid" classname="test._1_PositiveTest._2_CreateBooking" time="0.008">
    <system-out><![CDATA[Payload :true
Response :true
]]></system-out>
  </testcase>
  <testcase name="testBookingDatesCheckIn" classname="test._1_PositiveTest._2_CreateBooking" time="0.004">
    <system-out><![CDATA[Payload :2020-01-01
Response :2020-01-01
]]></system-out>
  </testcase>
  <testcase name="testBookingDatesCheckOut" classname="test._1_PositiveTest._2_CreateBooking" time="0.003">
    <system-out><![CDATA[Payload :2020-01-01
Response :2020-01-01
]]></system-out>
  </testcase>
  <testcase name="testAdditionalNeeds" classname="test._1_PositiveTest._2_CreateBooking" time="0.004">
    <system-out><![CDATA[Payload :Dinner
Response :Dinner
]]></system-out>
  </testcase>
  <testcase name="testStatusCode" classname="test._1_PositiveTest._3_GetBooking" time="0.0">
    <system-out><![CDATA[{
    "firstname": "Hasan",
    "lastname": "Dursun",
    "totalprice": 0,
    "depositpaid": true,
    "bookingdates": {
        "checkin": "2020-01-01",
        "checkout": "2020-01-01"
    },
    "additionalneeds": "Dinner"
}
]]></system-out>
  </testcase>
  <testcase name="testContentType" classname="test._1_PositiveTest._3_GetBooking" time="0.0"/>
  <testcase name="testResponseTime" classname="test._1_PositiveTest._3_GetBooking" time="0.003"/>
  <testcase name="testBookingBody" classname="test._1_PositiveTest._3_GetBooking" time="0.0"/>
  <testcase name="testBookingSchema" classname="test._1_PositiveTest._3_GetBooking" time="0.011"/>
  <testcase name="testFirstname" classname="test._1_PositiveTest._3_GetBooking" time="0.025"/>
  <testcase name="testLastname" classname="test._1_PositiveTest._3_GetBooking" time="0.01"/>
  <testcase name="testTotalPrice" classname="test._1_PositiveTest._3_GetBooking" time="0.01"/>
  <testcase name="testDepositpaid" classname="test._1_PositiveTest._3_GetBooking" time="0.014"/>
  <testcase name="testBookingDatesCheckIn" classname="test._1_PositiveTest._3_GetBooking" time="0.017"/>
  <testcase name="testBookingDatesCheckOut" classname="test._1_PositiveTest._3_GetBooking" time="0.012"/>
  <testcase name="testAdditionalNeeds" classname="test._1_PositiveTest._3_GetBooking" time="0.019"/>
  <testcase name="testStatusCode" classname="test._1_PositiveTest._4_UpdateBooking" time="0.0">
    <system-out><![CDATA[{
    "firstname": "Mehmet",
    "lastname": "Pusmaz",
    "totalprice": 1,
    "depositpaid": false,
    "bookingdates": {
        "checkin": "2020-01-01",
        "checkout": "2020-01-01"
    },
    "additionalneeds": "Breakfast"
}
]]></system-out>
  </testcase>
  <testcase name="testContentType" classname="test._1_PositiveTest._4_UpdateBooking" time="0.0"/>
  <testcase name="testResponseTime" classname="test._1_PositiveTest._4_UpdateBooking" time="0.0"/>
  <testcase name="testBookingBody" classname="test._1_PositiveTest._4_UpdateBooking" time="0.0"/>
  <testcase name="testBookingSchema" classname="test._1_PositiveTest._4_UpdateBooking" time="0.0"/>
  <testcase name="testFirstname" classname="test._1_PositiveTest._4_UpdateBooking" time="0.0"/>
  <testcase name="testLastname" classname="test._1_PositiveTest._4_UpdateBooking" time="0.034"/>
  <testcase name="testTotalPrice" classname="test._1_PositiveTest._4_UpdateBooking" time="0.014"/>
  <testcase name="testDepositpaid" classname="test._1_PositiveTest._4_UpdateBooking" time="0.018"/>
  <testcase name="testBookingDatesCheckIn" classname="test._1_PositiveTest._4_UpdateBooking" time="0.015"/>
  <testcase name="testBookingDatesCheckOut" classname="test._1_PositiveTest._4_UpdateBooking" time="0.036"/>
  <testcase name="testAdditionalNeeds" classname="test._1_PositiveTest._4_UpdateBooking" time="0.019"/>
  <testcase name="testStatusCode" classname="test._1_PositiveTest._5_PatchBooking" time="0.0">
    <system-out><![CDATA[{
    "firstname": "Semih",
    "lastname": "Çat",
    "totalprice": 1,
    "depositpaid": false,
    "bookingdates": {
        "checkin": "2020-01-01",
        "checkout": "2020-01-01"
    },
    "additionalneeds": "Breakfast"
}
]]></system-out>
  </testcase>
  <testcase name="testContentType" classname="test._1_PositiveTest._5_PatchBooking" time="0.003"/>
  <testcase name="testResponseTime" classname="test._1_PositiveTest._5_PatchBooking" time="0.002"/>
  <testcase name="testBookingBody" classname="test._1_PositiveTest._5_PatchBooking" time="0.006"/>
  <testcase name="testBookingSchema" classname="test._1_PositiveTest._5_PatchBooking" time="0.015"/>
  <testcase name="testFirstname" classname="test._1_PositiveTest._5_PatchBooking" time="0.014"/>
  <testcase name="testLastname" classname="test._1_PositiveTest._5_PatchBooking" time="0.015"/>
  <testcase name="testTotalPrice" classname="test._1_PositiveTest._5_PatchBooking" time="0.013"/>
  <testcase name="testDepositpaid" classname="test._1_PositiveTest._5_PatchBooking" time="0.02"/>
  <testcase name="testBookingDatesCheckIn" classname="test._1_PositiveTest._5_PatchBooking" time="0.016"/>
  <testcase name="testBookingDatesCheckOut" classname="test._1_PositiveTest._5_PatchBooking" time="0.012"/>
  <testcase name="testAdditionalNeeds" classname="test._1_PositiveTest._5_PatchBooking" time="0.011"/>
  <testcase name="testStatusCode" classname="test._1_PositiveTest._6_DeleteBooking" time="0.003">
    <system-out><![CDATA[Created
]]></system-out>
  </testcase>
  <testcase name="testContentType" classname="test._1_PositiveTest._6_DeleteBooking" time="0.006"/>
  <testcase name="testResponseTime" classname="test._1_PositiveTest._6_DeleteBooking" time="0.006"/>
  <testcase name="testBookingBody" classname="test._1_PositiveTest._6_DeleteBooking" time="0.004"/>
  <testcase name="testCreatedMessage" classname="test._1_PositiveTest._6_DeleteBooking" time="0.004"/>
  <testcase name="testStatusCode" classname="test._2_NegativeTests.Negative_1_CreateToken_InvalidUsernamePassword" time="0.002">
    <system-out><![CDATA[{
    "reason": "Bad credentials"
}
]]></system-out>
  </testcase>
  <testcase name="testContentType" classname="test._2_NegativeTests.Negative_1_CreateToken_InvalidUsernamePassword" time="0.006"/>
  <testcase name="testResponseTime" classname="test._2_NegativeTests.Negative_1_CreateToken_InvalidUsernamePassword" time="0.003"/>
  <testcase name="testResponseIsNotEmpty" classname="test._2_NegativeTests.Negative_1_CreateToken_InvalidUsernamePassword" time="0.004"/>
  <testcase name="testBadCredentialsResponse" classname="test._2_NegativeTests.Negative_1_CreateToken_InvalidUsernamePassword" time="0.01"/>
  <testcase name="testStatusCode" classname="test._2_NegativeTests.Negative_2_CreateBooking_MissingValue" time="0.001">
    <system-out><![CDATA[Internal Server Error
]]></system-out>
  </testcase>
  <testcase name="testContentType" classname="test._2_NegativeTests.Negative_2_CreateBooking_MissingValue" time="0.004"/>
  <testcase name="testResponseTime" classname="test._2_NegativeTests.Negative_2_CreateBooking_MissingValue" time="0.003"/>
  <testcase name="testResponseIsNotEmpty" classname="test._2_NegativeTests.Negative_2_CreateBooking_MissingValue" time="0.002"/>
  <testcase name="testBadCredentialsResponse" classname="test._2_NegativeTests.Negative_2_CreateBooking_MissingValue" time="0.003"/>
</testsuite>